 * Running on http://0.0.0.0:4000/ (Press CTRL+C to quit)
49.204.83.254 - - [20/May/2019 05:54:05] "GET / HTTP/1.1" 200 -
49.204.83.254 - - [20/May/2019 05:54:06] "GET /static/js/app.js HTTP/1.1" 200 -
49.204.83.254 - - [20/May/2019 05:54:06] "GET /static/css/style.css HTTP/1.1" 200 -
49.204.83.254 - - [20/May/2019 05:54:06] "GET /static/images/infrrd-logo-main.png HTTP/1.1" 200 -
49.204.83.254 - - [20/May/2019 05:54:06] "GET /static/images/md-circular-progress.svg HTTP/1.1" 200 -
49.204.83.254 - - [20/May/2019 05:54:10] "GET /static/images/favicon.png HTTP/1.1" 200 -
[2019-05-20 06:02:41 +0000] [23343] [INFO] Starting gunicorn 19.9.0
[2019-05-20 06:02:41 +0000] [23343] [INFO] Listening at: http://0.0.0.0:4000 (23343)
[2019-05-20 06:02:41 +0000] [23343] [INFO] Using worker: sync
[2019-05-20 06:02:41 +0000] [23346] [INFO] Booting worker with pid: 23346
[2019-05-20 06:02:41 +0000] [23347] [INFO] Booting worker with pid: 23347
[2019-05-20 06:02:41 +0000] [23348] [INFO] Booting worker with pid: 23348
Tesseract Open Source OCR Engine v4.0.0-95-g5b65 with Leptonica
Tesseract Open Source OCR Engine v4.0.0-95-g5b65 with Leptonica
Tesseract Open Source OCR Engine v4.0.0-95-g5b65 with Leptonica
Tesseract Open Source OCR Engine v4.0.0-95-g5b65 with Leptonica
Tesseract Open Source OCR Engine v4.0.0-95-g5b65 with Leptonica
Tesseract Open Source OCR Engine v4.0.0-95-g5b65 with Leptonica
Tesseract Open Source OCR Engine v4.0.0-95-g5b65 with Leptonica
Tesseract Open Source OCR Engine v4.0.0-95-g5b65 with Leptonica
Tesseract Open Source OCR Engine v4.0.0-95-g5b65 with Leptonica
Tesseract Open Source OCR Engine v4.0.0-95-g5b65 with Leptonica
EROSION_VALUE--------> 0
READ_SCANNED_PDF----/home/ubuntu/fidelity/working/uploads/X01000019_ed74a9b0-7ac4-11e9-b409-065126a1894a/X01000019_ed74a9b0-7ac4-11e9-b409-065126a1894a.pdf---0
page--> /home/ubuntu/fidelity/working/uploads/X01000019_ed74a9b0-7ac4-11e9-b409-065126a1894a/pages
READ_SCANNED_PDF--->11 1558332182.7539597
READ_SCANNED_PDF--->12 1558332182.7539687
/home/ubuntu/fidelity/working/uploads/X01000019_ed74a9b0-7ac4-11e9-b409-065126a1894a/pages/page-1.pdf
ARGS-->['gs', '-dNOPAUSE', '-dBATCH', '-dSAFER', '-sDEVICE=jpeg', '-dJPEGQ=100', '-r300', '-sPageList=1', '-dQUIET', '-sOutputFile=/home/ubuntu/fidelity/working/uploads/X01000019_ed74a9b0-7ac4-11e9-b409-065126a1894a/images/page-1.jpg', '/home/ubuntu/fidelity/working/uploads/X01000019_ed74a9b0-7ac4-11e9-b409-065126a1894a/pages/page-1.pdf']
READ_SCANNED_PDF-1---> 1558332183.4612765
READ_SCANNED_PDF-2---> 1558332183.461315
READ_SCANNED_PDF-3---> 1558332183.5598733
READ_SCANNED_PDF-2.1---> 1558332183.559927
READ_SCANNED_PDF-2.2---> 1558332183.5607631
READ_SCANNED_PDF-2.3---> 1558332183.56077
READ_SCANNED_PDF-2.4---> 1558332183.560781
READ_SCANNED_PDF-3.1---> 1558332183.5607884
READ_SCANNED_PDF-3.2---> 1558332183.560805
READ_SCANNED_PDF-3.3---> 1558332183.5656435
READ_SCANNED_PDF-3.4---> 1558332183.5656643
READ_SCANNED_PDF-2.5---> 1558332183.565748
READ_SCANNED_PDF-5---> 1558332183.5657513
/home/ubuntu/fidelity/working/uploads/X01000019_ed74a9b0-7ac4-11e9-b409-065126a1894a/pages/page-2.pdf
ARGS-->['gs', '-dNOPAUSE', '-dBATCH', '-dSAFER', '-sDEVICE=jpeg', '-dJPEGQ=100', '-r300', '-sPageList=1', '-dQUIET', '-sOutputFile=/home/ubuntu/fidelity/working/uploads/X01000019_ed74a9b0-7ac4-11e9-b409-065126a1894a/images/page-2.jpg', '/home/ubuntu/fidelity/working/uploads/X01000019_ed74a9b0-7ac4-11e9-b409-065126a1894a/pages/page-2.pdf']
READ_SCANNED_PDF-1---> 1558332183.760273
READ_SCANNED_PDF-2---> 1558332183.7603111
READ_SCANNED_PDF-3---> 1558332183.8422687
READ_SCANNED_PDF-2.1---> 1558332183.8423123
READ_SCANNED_PDF-2.2---> 1558332183.8429267
READ_SCANNED_PDF-2.3---> 1558332183.8429334
READ_SCANNED_PDF-2.4---> 1558332183.8429449
READ_SCANNED_PDF-3.1---> 1558332183.8429518
READ_SCANNED_PDF-3.2---> 1558332183.8429704
READ_SCANNED_PDF-3.3---> 1558332183.8485618
READ_SCANNED_PDF-3.4---> 1558332183.8485835
READ_SCANNED_PDF-2.5---> 1558332183.8486633
READ_SCANNED_PDF-2.3---> 1558332183.8486671
READ_SCANNED_PDF-2.4---> 1558332183.8486936
READ_SCANNED_PDF-3.1---> 1558332183.8487043
READ_SCANNED_PDF-3.2---> 1558332183.8487186
READ_SCANNED_PDF-3.3---> 1558332183.8717093
READ_SCANNED_PDF-3.4---> 1558332183.8717415
READ_SCANNED_PDF-2.5---> 1558332183.871834
READ_SCANNED_PDF-5---> 1558332183.871838
/home/ubuntu/fidelity/working/uploads/X01000019_ed74a9b0-7ac4-11e9-b409-065126a1894a/pages/page-3.pdf
ARGS-->['gs', '-dNOPAUSE', '-dBATCH', '-dSAFER', '-sDEVICE=jpeg', '-dJPEGQ=100', '-r300', '-sPageList=1', '-dQUIET', '-sOutputFile=/home/ubuntu/fidelity/working/uploads/X01000019_ed74a9b0-7ac4-11e9-b409-065126a1894a/images/page-3.jpg', '/home/ubuntu/fidelity/working/uploads/X01000019_ed74a9b0-7ac4-11e9-b409-065126a1894a/pages/page-3.pdf']
READ_SCANNED_PDF-1---> 1558332184.2035716
READ_SCANNED_PDF-2---> 1558332184.2036073
READ_SCANNED_PDF-3---> 1558332184.3657618
READ_SCANNED_PDF-2.1---> 1558332184.3658016
READ_SCANNED_PDF-2.2---> 1558332184.3664188
READ_SCANNED_PDF-2.3---> 1558332184.366425
READ_SCANNED_PDF-2.4---> 1558332184.366437
READ_SCANNED_PDF-3.1---> 1558332184.3664439
READ_SCANNED_PDF-3.2---> 1558332184.3664622
READ_SCANNED_PDF-3.3---> 1558332184.3909426
READ_SCANNED_PDF-3.4---> 1558332184.390975
READ_SCANNED_PDF-2.5---> 1558332184.3910701
READ_SCANNED_PDF-2.3---> 1558332184.3910737
READ_SCANNED_PDF-2.4---> 1558332184.3911033
READ_SCANNED_PDF-3.1---> 1558332184.3911178
READ_SCANNED_PDF-3.2---> 1558332184.3911345
READ_SCANNED_PDF-3.3---> 1558332184.402573
READ_SCANNED_PDF-3.4---> 1558332184.4025953
READ_SCANNED_PDF-2.5---> 1558332184.402673
READ_SCANNED_PDF-2.3---> 1558332184.4026768
READ_SCANNED_PDF-2.4---> 1558332184.4027033
READ_SCANNED_PDF-3.1---> 1558332184.4027152
READ_SCANNED_PDF-3.2---> 1558332184.4027305
READ_SCANNED_PDF-3.3---> 1558332184.4152403
READ_SCANNED_PDF-3.4---> 1558332184.4152699
READ_SCANNED_PDF-2.5---> 1558332184.4153569
READ_SCANNED_PDF-5---> 1558332184.4153624
/home/ubuntu/fidelity/working/uploads/X01000019_ed74a9b0-7ac4-11e9-b409-065126a1894a/pages/page-4.pdf
ARGS-->['gs', '-dNOPAUSE', '-dBATCH', '-dSAFER', '-sDEVICE=jpeg', '-dJPEGQ=100', '-r300', '-sPageList=1', '-dQUIET', '-sOutputFile=/home/ubuntu/fidelity/working/uploads/X01000019_ed74a9b0-7ac4-11e9-b409-065126a1894a/images/page-4.jpg', '/home/ubuntu/fidelity/working/uploads/X01000019_ed74a9b0-7ac4-11e9-b409-065126a1894a/pages/page-4.pdf']
READ_SCANNED_PDF-1---> 1558332185.1920774
READ_SCANNED_PDF-2---> 1558332185.1921132
READ_SCANNED_PDF-3---> 1558332185.5326445
READ_SCANNED_PDF-2.1---> 1558332185.5330062
READ_SCANNED_PDF-2.2---> 1558332185.5380647
READ_SCANNED_PDF-2.3---> 1558332185.538072
READ_SCANNED_PDF-2.4---> 1558332185.5380878
READ_SCANNED_PDF-3.1---> 1558332185.5380957
READ_SCANNED_PDF-3.2---> 1558332185.5381138
READ_SCANNED_PDF-3.3---> 1558332185.5628047
READ_SCANNED_PDF-3.4---> 1558332185.5628278
READ_SCANNED_PDF-2.5---> 1558332185.5629175
READ_SCANNED_PDF-2.3---> 1558332185.5629215
READ_SCANNED_PDF-2.4---> 1558332185.5629478
READ_SCANNED_PDF-3.1---> 1558332185.5629625
READ_SCANNED_PDF-3.2---> 1558332185.5629783
READ_SCANNED_PDF-3.3---> 1558332185.578883
READ_SCANNED_PDF-3.4---> 1558332185.5789034
READ_SCANNED_PDF-2.5---> 1558332185.5789685
READ_SCANNED_PDF-2.3---> 1558332185.5789728
READ_SCANNED_PDF-2.4---> 1558332185.578997
READ_SCANNED_PDF-3.1---> 1558332185.5790093
READ_SCANNED_PDF-3.2---> 1558332185.579024
READ_SCANNED_PDF-3.3---> 1558332185.5952473
READ_SCANNED_PDF-3.4---> 1558332185.5952713
READ_SCANNED_PDF-2.5---> 1558332185.5953498
READ_SCANNED_PDF-2.3---> 1558332185.5953546
READ_SCANNED_PDF-2.4---> 1558332185.5953808
READ_SCANNED_PDF-3.1---> 1558332185.5953927
READ_SCANNED_PDF-3.2---> 1558332185.595408
READ_SCANNED_PDF-3.3---> 1558332185.614971
READ_SCANNED_PDF-3.4---> 1558332185.6149979
READ_SCANNED_PDF-2.5---> 1558332185.6150825
READ_SCANNED_PDF-5---> 1558332185.6150897
/home/ubuntu/fidelity/working/uploads/X01000019_ed74a9b0-7ac4-11e9-b409-065126a1894a/pages/page-5.pdf
ARGS-->['gs', '-dNOPAUSE', '-dBATCH', '-dSAFER', '-sDEVICE=jpeg', '-dJPEGQ=100', '-r300', '-sPageList=1', '-dQUIET', '-sOutputFile=/home/ubuntu/fidelity/working/uploads/X01000019_ed74a9b0-7ac4-11e9-b409-065126a1894a/images/page-5.jpg', '/home/ubuntu/fidelity/working/uploads/X01000019_ed74a9b0-7ac4-11e9-b409-065126a1894a/pages/page-5.pdf']
READ_SCANNED_PDF-1---> 1558332187.0861092
READ_SCANNED_PDF-2---> 1558332187.0861428
READ_SCANNED_PDF-3---> 1558332187.7554066
READ_SCANNED_PDF-2.1---> 1558332187.7554471
READ_SCANNED_PDF-2.2---> 1558332187.7561667
READ_SCANNED_PDF-2.3---> 1558332187.7561736
READ_SCANNED_PDF-2.4---> 1558332187.756185
READ_SCANNED_PDF-3.1---> 1558332187.7561917
READ_SCANNED_PDF-3.2---> 1558332187.7562108
READ_SCANNED_PDF-3.3---> 1558332187.8104641
READ_SCANNED_PDF-3.4---> 1558332187.810491
READ_SCANNED_PDF-2.5---> 1558332187.8105867
READ_SCANNED_PDF-2.3---> 1558332187.8105905
READ_SCANNED_PDF-2.4---> 1558332187.8106236
READ_SCANNED_PDF-3.1---> 1558332187.8106377
READ_SCANNED_PDF-3.2---> 1558332187.8106537
READ_SCANNED_PDF-3.3---> 1558332187.826232
READ_SCANNED_PDF-3.4---> 1558332187.8262537
READ_SCANNED_PDF-2.5---> 1558332187.826328
READ_SCANNED_PDF-2.3---> 1558332187.8263319
READ_SCANNED_PDF-2.4---> 1558332187.8263574
READ_SCANNED_PDF-3.1---> 1558332187.826369
READ_SCANNED_PDF-3.2---> 1558332187.8263843
READ_SCANNED_PDF-3.3---> 1558332187.8595045
READ_SCANNED_PDF-3.4---> 1558332187.859534
READ_SCANNED_PDF-2.5---> 1558332187.8596244
READ_SCANNED_PDF-2.3---> 1558332187.8596292
READ_SCANNED_PDF-2.4---> 1558332187.859659
READ_SCANNED_PDF-3.1---> 1558332187.859672
READ_SCANNED_PDF-3.2---> 1558332187.859693
READ_SCANNED_PDF-3.3---> 1558332187.8995876
READ_SCANNED_PDF-3.4---> 1558332187.8996162
READ_SCANNED_PDF-2.5---> 1558332187.8997126
READ_SCANNED_PDF-2.3---> 1558332187.899717
READ_SCANNED_PDF-2.4---> 1558332187.8997507
READ_SCANNED_PDF-3.1--->Tesseract Open Source OCR Engine v4.0.0-95-g5b65 with Leptonica
Tesseract Open Source OCR Engine v4.0.0-95-g5b65 with Leptonica
Tesseract Open Source OCR Engine v4.0.0-95-g5b65 with Leptonica
Tesseract Open Source OCR Engine v4.0.0-95-g5b65 with Leptonica
Tesseract Open Source OCR Engine v4.0.0-95-g5b65 with Leptonica
Tesseract Open Source OCR Engine v4.0.0-95-g5b65 with Leptonica
Tesseract Open Source OCR Engine v4.0.0-95-g5b65 with Leptonica
Tesseract Open Source OCR Engine v4.0.0-95-g5b65 with Leptonica
Tesseract Open Source OCR Engine v4.0.0-95-g5b65 with Leptonica
Tesseract Open Source OCR Engine v4.0.0-95-g5b65 with Leptonica
Tesseract Open Source OCR Engine v4.0.0-95-g5b65 with Leptonica
Tesseract Open Source OCR Engine v4.0.0-95-g5b65 with Leptonica
Tesseract Open Source OCR Engine v4.0.0-95-g5b65 with Leptonica
Tesseract Open Source OCR Engine v4.0.0-95-g5b65 with Leptonica
Tesseract Open Source OCR Engine v4.0.0-95-g5b65 with Leptonica
Tesseract Open Source OCR Engine v4.0.0-95-g5b65 with Leptonica
Tesseract Open Source OCR Engine v4.0.0-95-g5b65 with Leptonica
Tesseract Open Source OCR Engine v4.0.0-95-g5b65 with Leptonica
 1558332187.899766
READ_SCANNED_PDF-3.2---> 1558332187.8998775
READ_SCANNED_PDF-3.3---> 1558332187.9436498
READ_SCANNED_PDF-3.4---> 1558332187.9436822
READ_SCANNED_PDF-2.5---> 1558332187.943781
READ_SCANNED_PDF-5---> 1558332187.9437878
/home/ubuntu/fidelity/working/uploads/X01000019_ed74a9b0-7ac4-11e9-b409-065126a1894a/pages/page-6.pdf
ARGS-->['gs', '-dNOPAUSE', '-dBATCH', '-dSAFER', '-sDEVICE=jpeg', '-dJPEGQ=100', '-r300', '-sPageList=1', '-dQUIET', '-sOutputFile=/home/ubuntu/fidelity/working/uploads/X01000019_ed74a9b0-7ac4-11e9-b409-065126a1894a/images/page-6.jpg', '/home/ubuntu/fidelity/working/uploads/X01000019_ed74a9b0-7ac4-11e9-b409-065126a1894a/pages/page-6.pdf']
READ_SCANNED_PDF-1---> 1558332190.5082176
READ_SCANNED_PDF-2---> 1558332190.508255
READ_SCANNED_PDF-3---> 1558332191.6074245
READ_SCANNED_PDF-2.1---> 1558332191.607466
READ_SCANNED_PDF-2.2---> 1558332191.6082094
READ_SCANNED_PDF-2.3---> 1558332191.6082165
READ_SCANNED_PDF-2.4---> 1558332191.6082282
READ_SCANNED_PDF-3.1---> 1558332191.6082351
READ_SCANNED_PDF-3.2---> 1558332191.6082528
READ_SCANNED_PDF-3.3---> 1558332191.6837819
READ_SCANNED_PDF-3.4---> 1558332191.6838102
READ_SCANNED_PDF-2.5---> 1558332191.683898
READ_SCANNED_PDF-2.3---> 1558332191.683903
READ_SCANNED_PDF-2.4---> 1558332191.6839328
READ_SCANNED_PDF-3.1---> 1558332191.683947
READ_SCANNED_PDF-3.2---> 1558332191.6839654
READ_SCANNED_PDF-3.3---> 1558332191.7437494
READ_SCANNED_PDF-3.4---> 1558332191.7437794
READ_SCANNED_PDF-2.5---> 1558332191.7438743
READ_SCANNED_PDF-2.3---> 1558332191.7438781
READ_SCANNED_PDF-2.4---> 1558332191.7439106
READ_SCANNED_PDF-3.1---> 1558332191.743926
READ_SCANNED_PDF-3.2---> 1558332191.743945
READ_SCANNED_PDF-3.3---> 1558332191.7794967
READ_SCANNED_PDF-3.4---> 1558332191.7795243
READ_SCANNED_PDF-2.5---> 1558332191.7796166
READ_SCANNED_PDF-2.3---> 1558332191.7796214
READ_SCANNED_PDF-2.4---> 1558332191.7796504
READ_SCANNED_PDF-3.1---> 1558332191.779665
READ_SCANNED_PDF-3.2---> 1558332191.779681
READ_SCANNED_PDF-3.3---> 1558332191.8450298
READ_SCANNED_PDF-3.4---> 1558332191.8450694
READ_SCANNED_PDF-2.5---> 1558332191.845178
READ_SCANNED_PDF-2.3---> 1558332191.845182
READ_SCANNED_PDF-2.4---> 1558332191.845217
READ_SCANNED_PDF-3.1---> 1558332191.845233
READ_SCANNED_PDF-3.2---> 1558332191.845252
READ_SCANNED_PDF-3.3---> 1558332191.890332
READ_SCANNED_PDF-3.4---> 1558332191.890368
READ_SCANNED_PDF-2.5---> 1558332191.890477
READ_SCANNED_PDF-2.3---> 1558332191.8904817
READ_SCANNED_PDF-2.4---> 1558332191.8905168
READ_SCANNED_PDF-3.1---> 1558332191.8905334
READ_SCANNED_PDF-3.2---> 1558332191.8905518
READ_SCANNED_PDF-3.3---> 1558332191.9350467
READ_SCANNED_PDF-3.4---> 1558332191.9350803
READ_SCANNED_PDF-2.5---> 1558332191.9351816
READ_SCANNED_PDF-5---> 1558332191.9351864
/home/ubuntu/fidelity/working/uploads/X01000019_ed74a9b0-7ac4-11e9-b409-065126a1894a/pages/page-7.pdf
ARGS-->['gs', '-dNOPAUSE', '-dBATCH', '-dSAFER', '-sDEVICE=jpeg', '-dJPEGQ=100', '-r300', '-sPageList=1', '-dQUIET', '-sOutputFile=/home/ubuntu/fidelity/working/uploads/X01000019_ed74a9b0-7ac4-11e9-b409-065126a1894a/images/page-7.jpg', '/home/ubuntu/fidelity/working/uploads/X01000019_ed74a9b0-7ac4-11e9-b409-065126a1894a/pages/page-7.pdf']
READ_SCANNED_PDF-1---> 1558332194.8354454
READ_SCANNED_PDF-2---> 1558332194.83548
READ_SCANNED_PDF-3---> 1558332196.0354335
READ_SCANNED_PDF-2.1---> 1558332196.035476
READ_SCANNED_PDF-2.2---> 1558332196.0362928
READ_SCANNED_PDF-2.3---> 1558332196.0362995
READ_SCANNED_PDF-2.4---> 1558332196.0363116
READ_SCANNED_PDF-3.1---> 1558332196.0363188
READ_SCANNED_PDF-3.2---> 1558332196.0363383
READ_SCANNED_PDF-3.3---> 1558332196.1732204
READ_SCANNED_PDF-3.4---> 1558332196.1732557
READ_SCANNED_PDF-2.5---> 1558332196.1733649
READ_SCANNED_PDF-2.3---> 1558332196.1733732
READ_SCANNED_PDF-2.4---> 1558332196.173409
READ_SCANNED_PDF-3.1---> 1558332196.1734252
READ_SCANNED_PDF-3.2---> 1558332196.173444
READ_SCANNED_PDF-3.3---> 1558332196.194558
READ_SCANNED_PDF-3.4---> 1558332196.1945822
READ_SCANNED_PDF-2.5---> 1558332196.194672
READ_SCANNED_PDF-2.3---> 1558332196.1946762
READ_SCANNED_PDF-2.4---> 1558332196.194703
READ_SCANNED_PDF-3.1---> 1558332196.1947167
READ_SCANNED_PDF-3.2---> 1558332196.1947362
READ_SCANNED_PDF-3.3---> 1558332196.3109941
READ_SCANNED_PDF-3.4---> 1558332196.3110297
READ_SCANNED_PDF-2.5---> 1558332196.3111415
READ_SCANNED_PDF-2.3---> 1558332196.3111475
READ_SCANNED_PDF-2.4---> 1558332196.3111842
READ_SCANNED_PDF-3.1---> 1558332196.3112001
READ_SCANNED_PDF-3.2---> 1558332196.3112183
READ_SCANNED_PDF-3.3---> 1558332196.331966
READ_SCANNED_PDF-3.4---> 1558332196.3320029
READ_SCANNED_PDF-2.5---> 1558332196.3321118
READ_SCANNED_PDF-2.3---> 1558332196.332121
READ_SCANNED_PDF-2.4---> 1558332196.3321552
READ_SCANNED_PDF-3.1---> 1558332196.332171
READ_SCANNED_PDF-3.2---> 1558332196.3321893
READ_SCANNED_PDF-3.3---> 1558332196.427749
READ_SCANNED_PDF-3.4---> 1558332196.427787
READ_SCANNED_PDF-2.5---> 1558332196.4279084
READ_SCANNED_PDF-2.3---> 1558332196.4279141
READ_SCANNED_PDF-2.4---> 1558332196.427951
READ_SCANNED_PDF-3.1---> 1558332196.427967
READ_SCANNED_PDF-3.2---> 1558332196.4279857
READ_SCANNED_PDF-3.3---> 1558332196.532246
READ_SCANNED_PDF-3.4---> 1558332196.5322845
READ_SCANNED_PDF-2.5---> 1558332196.5324197
READ_SCANNED_PDF-2.3---> 1558332196.532427
READ_SCANNED_PDF-2.4---> 1558332196.5324616
READ_SCANNED_PDF-3.1---> 1558332196.5324805
READ_SCANNED_PDF-3.2---> 1558332196.5324998
READ_SCANNED_PDF-3.3---> 1558332196.6179545
READ_SCANNED_PDF-3.4---> 1558332196.6179914
READ_SCANNED_PDF-2.5---> 1558332196.6181142
READ_SCANNED_PDF-5---> 1558332196.6181207
/home/ubuntu/fidelity/working/uploads/X01000019_ed74a9b0-7ac4-11e9-b409-065126a1894a/pages/page-8.pdf
ARGS-->['gs', '-dNOPAUSE', '-dBATCH', '-dSAFER', '-sDEVICE=jpeg', '-dJPEGQ=100', '-r300', '-sPageList=1', '-dQUIET', '-sOutputFile=/home/ubuntu/fidelity/working/uploads/X01000019_ed74a9b0-7ac4-11e9-b409-065126a1894a/images/page-8.jpg', '/home/ubuntu/fidelity/working/uploads/X01000019_ed74a9b0-7ac4-11e9-b409-065126a1894a/pages/page-8.pdf']
READ_SCANNED_PDF-1---> 1558332201.2286332
READ_SCANNED_PDF-2---> 1558332201.2286718
READ_SCANNED_PDF-3---> 1558332203.1328053
READ_SCANNED_PDF-2.1---> 1558332203.1328452
READ_SCANNED_PDF-2.2---> 1558332203.1336906
READ_SCANNED_PDF-2.3---> 1558332203.1336973
READ_SCANNED_PDF-2.4---> 1558332203.133708
READ_SCANNED_PDF-3.1---> 1558332203.1337147
READ_SCANNED_PDF-3.2---> 1558332203.1337323
READ_SCANNED_PDF-3.3---> 1558332203.390517
READ_SCANNED_PDF-3.4---> 1558332203.3905487
READ_SCANNED_PDF-2.5---> 1558332203.390659
READ_SCANNED_PDF-2.3---> 1558332203.390668
READ_SCANNED_PDF-2.4---> 1558332203.3907018
READ_SCANNED_PDF-3.1---> 1558332203.3907182
READ_SCANNED_PDF-3.2---> 1558332203.3907351
READ_SCANNED_PDF-3.3---> 1558332203.4890122
READ_SCANNED_PDF-3.4---> 1558332203.489048
READ_SCANNED_PDF-2.5---> 1558332203.489162
READ_SCANNED_PDF-2.3---> 1558332203.4891665
READ_SCANNED_PDF-2.4---> 1558332203.489206
READ_SCANNED_PDF-3.1---> 1558332203.489222
READ_SCANNED_PDF-3.2---> 1558332203.4892411
READ_SCANNED_PDF-3.3---> 1558332203.5441077
READ_SCANNED_PDF-3.4---> 1558332203.5441391
READ_SCANNED_PDF-2.5---> 1558332203.544239
READ_SCANNED_PDF-2.3---> 1558332203.5442455
READ_SCANNED_PDF-2.4---> 1558332203.5442772
READ_SCANNED_PDF-3.1---> 1558332203.5442922
READ_SCANNED_PDF-3.2---> 1558332203.544309
READ_SCANNED_PDF-3.3---> 1558332203.6063452
READ_SCANNED_PDF-3.4---> 1558332203.6063793
READ_SCANNED_PDF-2.5---> 1558332203.6064842
READ_SCANNED_PDF-2.3---> 1558332203.6064904
READ_SCANNED_PDF-2.4---> 1558332203.606523
READ_SCANNED_PDF-3.1---> 1558332203.6065388
READ_SCANNED_PDF-3.2---> 1558332203.606557
READ_SCANNED_PDF-3.3---> 1558332203.6266916
READ_SCANNED_PDF-3.4---> 1558332203.6267202
READ_SCANNED_PDF-2.5---> 1558332203.6267993
READ_SCANNED_PDF-2.3---> 1558332203.626805
READ_SCANNED_PDF-2.4---> 1558332203.6268315
READ_SCANNED_PDF-3.1---> 1558332203.626844
READ_SCANNED_PDF-3.2---> 1558332203.6268582
READ_SCANNED_PDF-3.3---> 1558332203.7364132
READ_SCANNED_PDF-3.4---> 1558332203.7364466
READ_SCANNED_PDF-2.5---> 1558332203.736555
READ_SCANNED_PDF-2.3---> 1558332203.7365618
READ_SCANNED_PDF-2.4---> 1558332203.736595
READ_SCANNED_PDF-3.1--->Tesseract Open Source OCR Engine v4.0.0-95-g5b65 with Leptonica
Tesseract Open Source OCR Engine v4.0.0-95-g5b65 with Leptonica
Tesseract Open Source OCR Engine v4.0.0-95-g5b65 with Leptonica
Tesseract Open Source OCR Engine v4.0.0-95-g5b65 with Leptonica
Tesseract Open Source OCR Engine v4.0.0-95-g5b65 with Leptonica
Tesseract Open Source OCR Engine v4.0.0-95-g5b65 with Leptonica
Tesseract Open Source OCR Engine v4.0.0-95-g5b65 with Leptonica
Tesseract Open Source OCR Engine v4.0.0-95-g5b65 with Leptonica
Tesseract Open Source OCR Engine v4.0.0-95-g5b65 with Leptonica
Tesseract Open Source OCR Engine v4.0.0-95-g5b65 with Leptonica
Tesseract Open Source OCR Engine v4.0.0-95-g5b65 with Leptonica
Tesseract Open Source OCR Engine v4.0.0-95-g5b65 with Leptonica
Tesseract Open Source OCR Engine v4.0.0-95-g5b65 with Leptonica
Tesseract Open Source OCR Engine v4.0.0-95-g5b65 with Leptonica
Tesseract Open Source OCR Engine v4.0.0-95-g5b65 with Leptonica
Tesseract Open Source OCR Engine v4.0.0-95-g5b65 with Leptonica
Tesseract Open Source OCR Engine v4.0.0-95-g5b65 with Leptonica
Tesseract Open Source OCR Engine v4.0.0-95-g5b65 with Leptonica
Tesseract Open Source OCR Engine v4.0.0-95-g5b65 with Leptonica
Tesseract Open Source OCR Engine v4.0.0-95-g5b65 with Leptonica
Tesseract Open Source OCR Engine v4.0.0-95-g5b65 with Leptonica
Tesseract Open Source OCR Engine v4.0.0-95-g5b65 with Leptonica
Tesseract Open Source OCR Engine v4.0.0-95-g5b65 with Leptonica
Tesseract Open Source OCR Engine v4.0.0-95-g5b65 with Leptonica
Tesseract Open Source OCR Engine v4.0.0-95-g5b65 with Leptonica
Tesseract Open Source OCR Engine v4.0.0-95-g5b65 with Leptonica
Tesseract Open Source OCR Engine v4.0.0-95-g5b65 with Leptonica
 1558332203.736611
READ_SCANNED_PDF-3.2---> 1558332203.7367413
READ_SCANNED_PDF-3.3---> 1558332203.792419
READ_SCANNED_PDF-3.4---> 1558332203.7924542
READ_SCANNED_PDF-2.5---> 1558332203.7925642
READ_SCANNED_PDF-2.3---> 1558332203.7925708
READ_SCANNED_PDF-2.4---> 1558332203.7926064
READ_SCANNED_PDF-3.1---> 1558332203.7926238
READ_SCANNED_PDF-3.2---> 1558332203.7926402
READ_SCANNED_PDF-3.3---> 1558332203.844064
READ_SCANNED_PDF-3.4---> 1558332203.8440995
READ_SCANNED_PDF-2.5---> 1558332203.8442097
READ_SCANNED_PDF-5---> 1558332203.8442173
/home/ubuntu/fidelity/working/uploads/X01000019_ed74a9b0-7ac4-11e9-b409-065126a1894a/pages/page-9.pdf
ARGS-->['gs', '-dNOPAUSE', '-dBATCH', '-dSAFER', '-sDEVICE=jpeg', '-dJPEGQ=100', '-r300', '-sPageList=1', '-dQUIET', '-sOutputFile=/home/ubuntu/fidelity/working/uploads/X01000019_ed74a9b0-7ac4-11e9-b409-065126a1894a/images/page-9.jpg', '/home/ubuntu/fidelity/working/uploads/X01000019_ed74a9b0-7ac4-11e9-b409-065126a1894a/pages/page-9.pdf']
READ_SCANNED_PDF-1---> 1558332209.538108
READ_SCANNED_PDF-2---> 1558332209.5381482
READ_SCANNED_PDF-3---> 1558332212.05207
READ_SCANNED_PDF-2.1---> 1558332212.0521078
READ_SCANNED_PDF-2.2---> 1558332212.1802757
READ_SCANNED_PDF-2.3---> 1558332212.180292
READ_SCANNED_PDF-2.4---> 1558332212.180312
READ_SCANNED_PDF-3.1---> 1558332212.1803226
READ_SCANNED_PDF-3.2---> 1558332212.1803412
READ_SCANNED_PDF-3.3---> 1558332212.3184054
READ_SCANNED_PDF-3.4---> 1558332212.3184392
READ_SCANNED_PDF-2.5---> 1558332212.3185477
READ_SCANNED_PDF-2.3---> 1558332212.318552
READ_SCANNED_PDF-2.4---> 1558332212.318587
READ_SCANNED_PDF-3.1---> 1558332212.3186035
READ_SCANNED_PDF-3.2---> 1558332212.3186216
READ_SCANNED_PDF-3.3---> 1558332212.4772604
READ_SCANNED_PDF-3.4---> 1558332212.4772954
READ_SCANNED_PDF-2.5---> 1558332212.4774005
READ_SCANNED_PDF-2.3---> 1558332212.4774046
READ_SCANNED_PDF-2.4---> 1558332212.4774363
READ_SCANNED_PDF-3.1---> 1558332212.477452
READ_SCANNED_PDF-3.2---> 1558332212.4774704
READ_SCANNED_PDF-3.3---> 1558332212.554662
READ_SCANNED_PDF-3.4---> 1558332212.5546975
READ_SCANNED_PDF-2.5---> 1558332212.5548058
READ_SCANNED_PDF-2.3---> 1558332212.5548112
READ_SCANNED_PDF-2.4---> 1558332212.5548434
READ_SCANNED_PDF-3.1---> 1558332212.5548584
READ_SCANNED_PDF-3.2---> 1558332212.5548744
READ_SCANNED_PDF-3.3---> 1558332212.6130526
READ_SCANNED_PDF-3.4---> 1558332212.613088
READ_SCANNED_PDF-2.5---> 1558332212.6131973
READ_SCANNED_PDF-2.3---> 1558332212.6132023
READ_SCANNED_PDF-2.4---> 1558332212.6132364
READ_SCANNED_PDF-3.1---> 1558332212.6132526
READ_SCANNED_PDF-3.2---> 1558332212.6132705
READ_SCANNED_PDF-3.3---> 1558332212.6863844
READ_SCANNED_PDF-3.4---> 1558332212.6864188
READ_SCANNED_PDF-2.5---> 1558332212.6865256
READ_SCANNED_PDF-2.3---> 1558332212.686531
READ_SCANNED_PDF-2.4---> 1558332212.686566
READ_SCANNED_PDF-3.1---> 1558332212.6865811
READ_SCANNED_PDF-3.2---> 1558332212.6865995
READ_SCANNED_PDF-3.3---> 1558332212.8239572
READ_SCANNED_PDF-3.4---> 1558332212.823998
READ_SCANNED_PDF-2.5---> 1558332212.824102
READ_SCANNED_PDF-2.3---> 1558332212.8241081
READ_SCANNED_PDF-2.4---> 1558332212.8241415
READ_SCANNED_PDF-3.1---> 1558332212.8241582
READ_SCANNED_PDF-3.2---> 1558332212.8241765
READ_SCANNED_PDF-3.3---> 1558332212.8638961
READ_SCANNED_PDF-3.4---> 1558332212.863931
READ_SCANNED_PDF-2.5---> 1558332212.864034
READ_SCANNED_PDF-2.3---> 1558332212.8640409
READ_SCANNED_PDF-2.4---> 1558332212.8640742
READ_SCANNED_PDF-3.1---> 1558332212.86409
READ_SCANNED_PDF-3.2---> 1558332212.8641076
READ_SCANNED_PDF-3.3---> 1558332213.0455673
READ_SCANNED_PDF-3.4---> 1558332213.0456038
READ_SCANNED_PDF-2.5---> 1558332213.0457177
READ_SCANNED_PDF-2.3---> 1558332213.0457237
READ_SCANNED_PDF-2.4---> 1558332213.045761
READ_SCANNED_PDF-3.1---> 1558332213.0457783
READ_SCANNED_PDF-3.2---> 1558332213.0457995
READ_SCANNED_PDF-3.3---> 1558332213.096085
READ_SCANNED_PDF-3.4---> 1558332213.0961196
READ_SCANNED_PDF-2.5---> 1558332213.0962265
READ_SCANNED_PDF-5---> 1558332213.0962327
/home/ubuntu/fidelity/working/uploads/X01000019_ed74a9b0-7ac4-11e9-b409-065126a1894a/pages/page-10.pdf
ARGS-->['gs', '-dNOPAUSE', '-dBATCH', '-dSAFER', '-sDEVICE=jpeg', '-dJPEGQ=100', '-r300', '-sPageList=1', '-dQUIET', '-sOutputFile=/home/ubuntu/fidelity/working/uploads/X01000019_ed74a9b0-7ac4-11e9-b409-065126a1894a/images/page-10.jpg', '/home/ubuntu/fidelity/working/uploads/X01000019_ed74a9b0-7ac4-11e9-b409-065126a1894a/pages/page-10.pdf']
READ_SCANNED_PDF-1---> 1558332220.582703
READ_SCANNED_PDF-2---> 1558332220.5827405
READ_SCANNED_PDF-3---> 1558332223.4272926
READ_SCANNED_PDF-2.1---> 1558332223.4273329
READ_SCANNED_PDF-2.2---> 1558332223.4282346
READ_SCANNED_PDF-2.3---> 1558332223.428243
READ_SCANNED_PDF-2.4---> 1558332223.428254
READ_SCANNED_PDF-3.1---> 1558332223.428261
READ_SCANNED_PDF-3.2---> 1558332223.428279
READ_SCANNED_PDF-3.3---> 1558332223.694681
READ_SCANNED_PDF-3.4---> 1558332223.6947174
READ_SCANNED_PDF-2.5---> 1558332223.6948342
READ_SCANNED_PDF-2.3---> 1558332223.6948385
READ_SCANNED_PDF-2.4---> 1558332223.6948743
READ_SCANNED_PDF-3.1---> 1558332223.6948905
READ_SCANNED_PDF-3.2---> 1558332223.6949127
READ_SCANNED_PDF-3.3---> 1558332223.965185
READ_SCANNED_PDF-3.4---> 1558332223.9652202
READ_SCANNED_PDF-2.5---> 1558332223.96534
READ_SCANNED_PDF-2.3---> 1558332223.9653444
READ_SCANNED_PDF-2.4---> 1558332223.965379
READ_SCANNED_PDF-3.1---> 1558332223.965395
READ_SCANNED_PDF-3.2---> 1558332223.9654186
READ_SCANNED_PDF-3.3---> 1558332224.103502
READ_SCANNED_PDF-3.4---> 1558332224.1035366
READ_SCANNED_PDF-2.5---> 1558332224.103647
READ_SCANNED_PDF-2.3---> 1558332224.103653
READ_SCANNED_PDF-2.4---> 1558332224.1036887
READ_SCANNED_PDF-3.1---> 1558332224.1037047
READ_SCANNED_PDF-3.2---> 1558332224.1037257
READ_SCANNED_PDF-3.3---> 1558332224.155648
READ_SCANNED_PDF-3.4---> 1558332224.1556828
READ_SCANNED_PDF-2.5---> 1558332224.1558
READ_SCANNED_PDF-2.3---> 1558332224.1558046
READ_SCANNED_PDF-2.4---> 1558332224.155841
READ_SCANNED_PDF-3.1---> 1558332224.1558578
READ_SCANNED_PDF-3.2---> 1558332224.1558778
READ_SCANNED_PDF-3.3---> 1558332224.2598078
READ_SCANNED_PDF-3.4---> 1558332224.2598417
READ_SCANNED_PDF-2.5---> 1558332224.259957
READ_SCANNED_PDF-2.3---> 1558332224.2599626
READ_SCANNED_PDF-2.4---> 1558332224.2599955
READ_SCANNED_PDF-3.1---> 1558332224.260011
READ_SCANNED_PDF-3.2---> 1558332224.260031
READ_SCANNED_PDF-3.3---> 1558332224.4460177
READ_SCANNED_PDF-3.4---> 1558332224.446053
READ_SCANNED_PDF-2.5---> 1558332224.4461653
READ_SCANNED_PDF-2.3---> 1558332224.446172
READ_SCANNED_PDF-2.4---> 1558332224.4462094
READ_SCANNED_PDF-3.1---> 1558332224.4462264
READ_SCANNED_PDF-3.2---> 1558332224.446247
READ_SCANNED_PDF-3.3---> 1558332224.6307309
READ_SCANNED_PDF-3.4---> 1558332224.630769
READ_SCANNED_PDF-2.5---> 1558332224.6308868
READ_SCANNED_PDF-2.3---> 1558332224.6308925
READ_SCANNED_PDF-2.4---> 1558332224.6309261
READ_SCANNED_PDF-3.1---> 1558332224.6309419
READ_SCANNED_PDF-3.2---> 1558332224.6309605
READ_SCANNED_PDF-3.3---> 1558332224.7643437
READ_SCANNED_PDF-3.4---> 1558332224.7644122
READ_SCANNED_PDF-2.5---> 1558332224.7645233
READ_SCANNED_PDF-2.3---> 1558332224.7645295
READ_SCANNED_PDF-2.4---> 1558332224.7645624
READ_SCANNED_PDF-3.1---> 1558332224.764579
READ_SCANNED_PDF-3.2---> 1558332224.764607
READ_SCANNED_PDF-3.3---> 1558332224.8198953
READ_SCANNED_PDF-3.4---> 1558332224.819933
READ_SCANNED_PDF-2.5---> 1558332224.8200464
READ_SCANNED_PDF-2.3---> 1558332224.820052
READ_SCANNED_PDF-2.4---> 1558332224.8200834
READ_SCANNED_PDF-3.1---> 1558332224.8200984
READ_SCANNED_PDF-3.2---> 1558332224.8201158
READ_SCANNED_PDF-3.3---> 1558332224.919777
READ_SCANNED_PDF-3.4---> 1558332224.9198108
READ_SCANNED_PDF-2.5---> 1558332224.9199219
READ_SCANNED_PDF-5---> 1558332224.9199288
/home/ubuntu/fidelity/working/uploads/X01000019_ed74a9b0-7ac4-11e9-b409-065126a1894a/pages/page-11.pdf
ARGS-->['gs', '-dNOPAUSE', '-dBATCH', '-dSAFER', '-sDEVICE=jpeg', '-dJPEGQ=100', '-r300', '-sPageList=1', '-dQUIET', '-sOutputFile=/home/ubuntu/fidelity/working/uploads/X01000019_ed74a9b0-7ac4-11e9-b409-065126a1894a/images/page-11.jpg', '/home/ubuntu/fidelity/working/uploads/X01000019_ed74a9b0-7ac4-11e9-b409-065126a1894a/pages/page-11.pdf']
READ_SCANNED_PDF-1--->Tesseract Open Source OCR Engine v4.0.0-95-g5b65 with Leptonica
Tesseract Open Source OCR Engine v4.0.0-95-g5b65 with Leptonica
Tesseract Open Source OCR Engine v4.0.0-95-g5b65 with Leptonica
Tesseract Open Source OCR Engine v4.0.0-95-g5b65 with Leptonica
Tesseract Open Source OCR Engine v4.0.0-95-g5b65 with Leptonica
Tesseract Open Source OCR Engine v4.0.0-95-g5b65 with Leptonica
Tesseract Open Source OCR Engine v4.0.0-95-g5b65 with Leptonica
Tesseract Open Source OCR Engine v4.0.0-95-g5b65 with Leptonica
Tesseract Open Source OCR Engine v4.0.0-95-g5b65 with Leptonica
Tesseract Open Source OCR Engine v4.0.0-95-g5b65 with Leptonica
Tesseract Open Source OCR Engine v4.0.0-95-g5b65 with Leptonica
 1558332233.9318743
READ_SCANNED_PDF-2---> 1558332233.9320116
READ_SCANNED_PDF-3---> 1558332237.4923024
READ_SCANNED_PDF-2.1---> 1558332237.4923427
READ_SCANNED_PDF-2.2---> 1558332237.6253827
READ_SCANNED_PDF-2.3---> 1558332237.6253963
READ_SCANNED_PDF-2.4---> 1558332237.6254091
READ_SCANNED_PDF-3.1---> 1558332237.6254177
READ_SCANNED_PDF-3.2---> 1558332237.6254349
READ_SCANNED_PDF-3.3---> 1558332237.8479462
READ_SCANNED_PDF-3.4---> 1558332237.8479824
READ_SCANNED_PDF-2.5---> 1558332237.8480926
READ_SCANNED_PDF-2.3---> 1558332237.8480995
READ_SCANNED_PDF-2.4---> 1558332237.848132
READ_SCANNED_PDF-3.1---> 1558332237.8481474
READ_SCANNED_PDF-3.2---> 1558332237.848167
READ_SCANNED_PDF-3.3---> 1558332237.9903862
READ_SCANNED_PDF-3.4---> 1558332237.990424
READ_SCANNED_PDF-2.5---> 1558332237.9905314
READ_SCANNED_PDF-2.3---> 1558332237.9905386
READ_SCANNED_PDF-2.4---> 1558332237.9905708
READ_SCANNED_PDF-3.1---> 1558332237.9905863
READ_SCANNED_PDF-3.2---> 1558332237.9906054
READ_SCANNED_PDF-3.3---> 1558332238.0601697
READ_SCANNED_PDF-3.4---> 1558332238.0602055
READ_SCANNED_PDF-2.5---> 1558332238.0603142
READ_SCANNED_PDF-2.3---> 1558332238.0603206
READ_SCANNED_PDF-2.4---> 1558332238.0603557
READ_SCANNED_PDF-3.1---> 1558332238.0604086
READ_SCANNED_PDF-3.2---> 1558332238.0604286
READ_SCANNED_PDF-3.3---> 1558332238.2686124
READ_SCANNED_PDF-3.4---> 1558332238.268651
READ_SCANNED_PDF-2.5---> 1558332238.2687776
READ_SCANNED_PDF-2.3---> 1558332238.2687843
READ_SCANNED_PDF-2.4---> 1558332238.268819
READ_SCANNED_PDF-3.1---> 1558332238.2688348
READ_SCANNED_PDF-3.2---> 1558332238.2688549
READ_SCANNED_PDF-3.3---> 1558332238.42635
READ_SCANNED_PDF-3.4---> 1558332238.4263935
READ_SCANNED_PDF-2.5---> 1558332238.4265075
READ_SCANNED_PDF-2.3---> 1558332238.4265134
READ_SCANNED_PDF-2.4---> 1558332238.4265475
READ_SCANNED_PDF-3.1---> 1558332238.4265637
READ_SCANNED_PDF-3.2---> 1558332238.426582
READ_SCANNED_PDF-3.3---> 1558332238.558665
READ_SCANNED_PDF-3.4---> 1558332238.5587013
READ_SCANNED_PDF-2.5---> 1558332238.5588138
READ_SCANNED_PDF-2.3---> 1558332238.5588202
READ_SCANNED_PDF-2.4---> 1558332238.558855
READ_SCANNED_PDF-3.1---> 1558332238.558872
READ_SCANNED_PDF-3.2---> 1558332238.5588908
READ_SCANNED_PDF-3.3---> 1558332238.7805436
READ_SCANNED_PDF-3.4---> 1558332238.7805815
READ_SCANNED_PDF-2.5---> 1558332238.7807002
READ_SCANNED_PDF-2.3---> 1558332238.7807064
READ_SCANNED_PDF-2.4---> 1558332238.7807426
READ_SCANNED_PDF-3.1---> 1558332238.780759
READ_SCANNED_PDF-3.2---> 1558332238.7807786
READ_SCANNED_PDF-3.3---> 1558332238.9697654
READ_SCANNED_PDF-3.4---> 1558332238.9698062
READ_SCANNED_PDF-2.5---> 1558332238.9699218
READ_SCANNED_PDF-2.3---> 1558332238.969927
READ_SCANNED_PDF-2.4---> 1558332238.9699614
READ_SCANNED_PDF-3.1---> 1558332238.969977
READ_SCANNED_PDF-3.2---> 1558332238.9699972
READ_SCANNED_PDF-3.3---> 1558332239.0361655
READ_SCANNED_PDF-3.4---> 1558332239.0362005
READ_SCANNED_PDF-2.5---> 1558332239.0363133
READ_SCANNED_PDF-2.3---> 1558332239.0363204
READ_SCANNED_PDF-2.4---> 1558332239.0363538
READ_SCANNED_PDF-3.1---> 1558332239.036396
READ_SCANNED_PDF-3.2---> 1558332239.0364165
READ_SCANNED_PDF-3.3---> 1558332239.2586367
READ_SCANNED_PDF-3.4---> 1558332239.2586768
READ_SCANNED_PDF-2.5---> 1558332239.258791
READ_SCANNED_PDF-2.3---> 1558332239.2587974
READ_SCANNED_PDF-2.4---> 1558332239.25883
READ_SCANNED_PDF-3.1---> 1558332239.2588458
READ_SCANNED_PDF-3.2---> 1558332239.2588704
READ_SCANNED_PDF-3.3---> 1558332239.4432325
READ_SCANNED_PDF-3.4---> 1558332239.443271
READ_SCANNED_PDF-2.5---> 1558332239.4433897
READ_SCANNED_PDF-5---> 1558332239.4433973
/home/ubuntu/fidelity/working/uploads/X01000019_ed74a9b0-7ac4-11e9-b409-065126a1894a/pages/page-12.pdf
ARGS-->['gs', '-dNOPAUSE', '-dBATCH', '-dSAFER', '-sDEVICE=jpeg', '-dJPEGQ=100', '-r300', '-sPageList=1', '-dQUIET', '-sOutputFile=/home/ubuntu/fidelity/working/uploads/X01000019_ed74a9b0-7ac4-11e9-b409-065126a1894a/images/page-12.jpg', '/home/ubuntu/fidelity/working/uploads/X01000019_ed74a9b0-7ac4-11e9-b409-065126a1894a/pages/page-12.pdf']
READ_SCANNED_PDF-1---> 1558332251.8916147
READ_SCANNED_PDF-2---> 1558332251.8916512
READ_SCANNED_PDF-3---> 1558332256.7576327
READ_SCANNED_PDF-2.1---> 1558332256.7576714
READ_SCANNED_PDF-2.2---> 1558332256.7586973
READ_SCANNED_PDF-2.3---> 1558332256.7587056
READ_SCANNED_PDF-2.4---> 1558332256.7587175
READ_SCANNED_PDF-3.1---> 1558332256.758725
READ_SCANNED_PDF-3.2---> 1558332256.7587426
READ_SCANNED_PDF-3.3---> 1558332257.257941
READ_SCANNED_PDF-3.4---> 1558332257.257978
READ_SCANNED_PDF-2.5---> 1558332257.2580912
READ_SCANNED_PDF-2.3---> 1558332257.2580955
READ_SCANNED_PDF-2.4---> 1558332257.2581286
READ_SCANNED_PDF-3.1---> 1558332257.2581441
READ_SCANNED_PDF-3.2---> 1558332257.2581627
READ_SCANNED_PDF-3.3---> 1558332257.4926658
READ_SCANNED_PDF-3.4---> 1558332257.4927034
READ_SCANNED_PDF-2.5---> 1558332257.4928281
READ_SCANNED_PDF-2.3---> 1558332257.4928331
READ_SCANNED_PDF-2.4---> 1558332257.492867
READ_SCANNED_PDF-3.1---> 1558332257.4928832
READ_SCANNED_PDF-3.2---> 1558332257.4929037
READ_SCANNED_PDF-3.3---> 1558332257.767681
READ_SCANNED_PDF-3.4---> 1558332257.767717
READ_SCANNED_PDF-2.5---> 1558332257.767835
READ_SCANNED_PDF-2.3---> 1558332257.7678406
READ_SCANNED_PDF-2.4---> 1558332257.7678766
READ_SCANNED_PDF-3.1---> 1558332257.767903
READ_SCANNED_PDF-3.2---> 1558332257.7679226
READ_SCANNED_PDF-3.3---> 1558332257.8562562
READ_SCANNED_PDF-3.4---> 1558332257.856291
READ_SCANNED_PDF-2.5---> 1558332257.8564405
READ_SCANNED_PDF-2.3---> 1558332257.8564472
READ_SCANNED_PDF-2.4---> 1558332257.8564813
READ_SCANNED_PDF-3.1---> 1558332257.8564975
READ_SCANNED_PDF-3.2---> 1558332257.856517
READ_SCANNED_PDF-3.3---> 1558332257.944431
READ_SCANNED_PDF-3.4---> 1558332257.9444642
READ_SCANNED_PDF-2.5---> 1558332257.9445798
READ_SCANNED_PDF-2.3---> 1558332257.9445858
READ_SCANNED_PDF-2.4---> 1558332257.9446194
READ_SCANNED_PDF-3.1---> 1558332257.9446354
READ_SCANNED_PDF-3.2---> 1558332257.9446528
READ_SCANNED_PDF-3.3---> 1558332258.1720917
READ_SCANNED_PDF-3.4---> 1558332258.1721275
READ_SCANNED_PDF-2.5---> 1558332258.1722426
READ_SCANNED_PDF-2.3---> 1558332258.172249
READ_SCANNED_PDF-2.4---> 1558332258.172288
READ_SCANNED_PDF-3.1---> 1558332258.1723044
READ_SCANNED_PDF-3.2---> 1558332258.1723254
READ_SCANNED_PDF-3.3---> 1558332258.4524782
READ_SCANNED_PDF-3.4---> 1558332258.4525144
READ_SCANNED_PDF-2.5---> 1558332258.452642
READ_SCANNED_PDF-2.3---> 1558332258.4526477
READ_SCANNED_PDF-2.4---> 1558332258.4526849
READ_SCANNED_PDF-3.1---> 1558332258.4527006
READ_SCANNED_PDF-3.2---> 1558332258.4527202
READ_SCANNED_PDF-3.3---> 1558332258.7547245
READ_SCANNED_PDF-3.4---> 1558332258.7547708
READ_SCANNED_PDF-2.5---> 1558332258.7548876
READ_SCANNED_PDF-2.3---> 1558332258.7548935
READ_SCANNED_PDF-2.4---> 1558332258.7549276
READ_SCANNED_PDF-3.1---> 1558332258.7549431
READ_SCANNED_PDF-3.2---> 1558332258.7549624
READ_SCANNED_PDF-3.3---> 1558332258.8723545
READ_SCANNED_PDF-3.4---> 1558332258.8724093
READ_SCANNED_PDF-2.5---> 1558332258.8725264
READ_SCANNED_PDF-2.3---> 1558332258.8725317
READ_SCANNED_PDF-2.4---> 1558332258.8725657
READ_SCANNED_PDF-3.1---> 1558332258.8725817
READ_SCANNED_PDF-3.2---> 1558332258.8725991
READ_SCANNED_PDF-3.3---> 1558332258.9602304
READ_SCANNED_PDF-3.4---> 1558332258.960263
READ_SCANNED_PDF-2.5---> 1558332258.9604058
READ_SCANNED_PDF-2.3---> 1558332258.9604146
READ_SCANNED_PDF-2.4---> 1558332258.9604487
READ_SCANNED_PDF-3.1---> 1558332258.9604642
READ_SCANNED_PDF-3.2---> 1558332258.9604833
READ_SCANNED_PDF-3.3---> 1558332259.052225
READ_SCANNED_PDF-3.4---> 1558332259.0522594
READ_SCANNED_PDF-2.5---> 1558332259.0523975
READ_SCANNED_PDF-2.3---> 1558332259.0524046
READ_SCANNED_PDF-2.4---> 1558332259.0524435
READ_SCANNED_PDF-3.1---> 1558332259.05246
READ_SCANNED_PDF-3.2---> 1558332259.0524786
READ_SCANNED_PDF-3.3---> 1558332259.132114
READ_SCANNED_PDF-3.4---> 1558332259.132155
READ_SCANNED_PDF-2.5---> 1558332259.1322703
READ_SCANNED_PDF-5---> 1558332259.132278
/home/ubuntu/fidelity/working/uploads/X01000019_ed74a9b0-7ac4-11e9-b409-065126a1894a/pages/page-13.pdf
ARGS-->['gs', '-dNOPAUSE', '-dBATCH', '-dSAFER', '-sDEVICE=jpeg', '-dJPEGQ=100', '-r300', '-sPageList=1', '-dQUIET', '-sOutputFile=/home/ubuntu/fidelity/working/uploads/X01000019_ed74a9b0-7ac4-11e9-b409-065126a1894a/images/page-13.jpg', '/home/ubuntu/fidelity/working/uploads/X01000019_ed74a9b0-7ac4-11e9-b409-065126a1894a/pages/page-13.pdf']Tesseract Open Source OCR Engine v4.0.0-95-g5b65 with Leptonica
Tesseract Open Source OCR Engine v4.0.0-95-g5b65 with Leptonica
Tesseract Open Source OCR Engine v4.0.0-95-g5b65 with Leptonica
Tesseract Open Source OCR Engine v4.0.0-95-g5b65 with Leptonica
Tesseract Open Source OCR Engine v4.0.0-95-g5b65 with Leptonica
Tesseract Open Source OCR Engine v4.0.0-95-g5b65 with Leptonica
Tesseract Open Source OCR Engine v4.0.0-95-g5b65 with Leptonica
Tesseract Open Source OCR Engine v4.0.0-95-g5b65 with Leptonica
Tesseract Open Source OCR Engine v4.0.0-95-g5b65 with Leptonica
Tesseract Open Source OCR Engine v4.0.0-95-g5b65 with Leptonica
Tesseract Open Source OCR Engine v4.0.0-95-g5b65 with Leptonica
Tesseract Open Source OCR Engine v4.0.0-95-g5b65 with Leptonica
Tesseract Open Source OCR Engine v4.0.0-95-g5b65 with Leptonica
Tesseract Open Source OCR Engine v4.0.0-95-g5b65 with Leptonica
Tesseract Open Source OCR Engine v4.0.0-95-g5b65 with Leptonica
Tesseract Open Source OCR Engine v4.0.0-95-g5b65 with Leptonica
Tesseract Open Source OCR Engine v4.0.0-95-g5b65 with Leptonica
Tesseract Open Source OCR Engine v4.0.0-95-g5b65 with Leptonica
Tesseract Open Source OCR Engine v4.0.0-95-g5b65 with Leptonica
Tesseract Open Source OCR Engine v4.0.0-95-g5b65 with Leptonica
Tesseract Open Source OCR Engine v4.0.0-95-g5b65 with Leptonica
Tesseract Open Source OCR Engine v4.0.0-95-g5b65 with Leptonica
Tesseract Open Source OCR Engine v4.0.0-95-g5b65 with Leptonica
Tesseract Open Source OCR Engine v4.0.0-95-g5b65 with Leptonica
Tesseract Open Source OCR Engine v4.0.0-95-g5b65 with Leptonica
[2019-05-20 06:04:54 +0000] [23343] [INFO] Handling signal: term

READ_SCANNED_PDF-1---> 1558332272.4046946
READ_SCANNED_PDF-2---> 1558332272.4047294
READ_SCANNED_PDF-3---> 1558332277.6881928
READ_SCANNED_PDF-2.1---> 1558332277.6882343
READ_SCANNED_PDF-2.2---> 1558332277.689326
READ_SCANNED_PDF-2.3---> 1558332277.689333
READ_SCANNED_PDF-2.4---> 1558332277.689345
READ_SCANNED_PDF-3.1---> 1558332277.6893532
READ_SCANNED_PDF-3.2---> 1558332277.6893709
READ_SCANNED_PDF-3.3---> 1558332278.0191824
READ_SCANNED_PDF-3.4---> 1558332278.0192156
READ_SCANNED_PDF-2.5---> 1558332278.0193357
READ_SCANNED_PDF-2.3---> 1558332278.019343
READ_SCANNED_PDF-2.4---> 1558332278.0193787
READ_SCANNED_PDF-3.1---> 1558332278.019395
READ_SCANNED_PDF-3.2---> 1558332278.0194168
READ_SCANNED_PDF-3.3---> 1558332278.2847362
READ_SCANNED_PDF-3.4---> 1558332278.28477
READ_SCANNED_PDF-2.5---> 1558332278.2848878
READ_SCANNED_PDF-2.3---> 1558332278.284894
READ_SCANNED_PDF-2.4---> 1558332278.2849276
READ_SCANNED_PDF-3.1---> 1558332278.284943
READ_SCANNED_PDF-3.2---> 1558332278.2849648
READ_SCANNED_PDF-3.3---> 1558332278.6977637
READ_SCANNED_PDF-3.4---> 1558332278.6977992
READ_SCANNED_PDF-2.5---> 1558332278.6979144
READ_SCANNED_PDF-2.3---> 1558332278.6979203
READ_SCANNED_PDF-2.4---> 1558332278.6979554
READ_SCANNED_PDF-3.1---> 1558332278.697971
READ_SCANNED_PDF-3.2---> 1558332278.6979911
READ_SCANNED_PDF-3.3---> 1558332278.8113856
READ_SCANNED_PDF-3.4---> 1558332278.8114195
READ_SCANNED_PDF-2.5---> 1558332278.8115315
READ_SCANNED_PDF-2.3---> 1558332278.8115368
READ_SCANNED_PDF-2.4---> 1558332278.8115695
READ_SCANNED_PDF-3.1---> 1558332278.8115852
READ_SCANNED_PDF-3.2---> 1558332278.8116057
READ_SCANNED_PDF-3.3---> 1558332279.1529887
READ_SCANNED_PDF-3.4---> 1558332279.1530268
READ_SCANNED_PDF-2.5---> 1558332279.1531482
READ_SCANNED_PDF-2.3---> 1558332279.1531544
READ_SCANNED_PDF-2.4---> 1558332279.1531897
READ_SCANNED_PDF-3.1---> 1558332279.1532054
READ_SCANNED_PDF-3.2---> 1558332279.153225
READ_SCANNED_PDF-3.3---> 1558332279.5536046
READ_SCANNED_PDF-3.4---> 1558332279.5536468
READ_SCANNED_PDF-2.5---> 1558332279.5537684
READ_SCANNED_PDF-2.3---> 1558332279.5537744
READ_SCANNED_PDF-2.4---> 1558332279.5538108
READ_SCANNED_PDF-3.1---> 1558332279.5538282
READ_SCANNED_PDF-3.2---> 1558332279.5538497
READ_SCANNED_PDF-3.3---> 1558332279.843884
READ_SCANNED_PDF-3.4---> 1558332279.8439195
READ_SCANNED_PDF-2.5---> 1558332279.8440382
READ_SCANNED_PDF-2.3---> 1558332279.844044
READ_SCANNED_PDF-2.4---> 1558332279.8440776
READ_SCANNED_PDF-3.1---> 1558332279.844093
READ_SCANNED_PDF-3.2---> 1558332279.8441114
READ_SCANNED_PDF-3.3---> 1558332280.1686895
READ_SCANNED_PDF-3.4---> 1558332280.1687348
READ_SCANNED_PDF-2.5---> 1558332280.16886
READ_SCANNED_PDF-2.3---> 1558332280.1688654
READ_SCANNED_PDF-2.4---> 1558332280.1689012
READ_SCANNED_PDF-3.1---> 1558332280.1689172
READ_SCANNED_PDF-3.2---> 1558332280.1689374
READ_SCANNED_PDF-3.3---> 1558332280.292268
READ_SCANNED_PDF-3.4---> 1558332280.292302
READ_SCANNED_PDF-2.5---> 1558332280.2924397
READ_SCANNED_PDF-2.3---> 1558332280.2924492
READ_SCANNED_PDF-2.4---> 1558332280.2924826
READ_SCANNED_PDF-3.1---> 1558332280.2924984
READ_SCANNED_PDF-3.2---> 1558332280.2925158
READ_SCANNED_PDF-3.3---> 1558332280.3842142
READ_SCANNED_PDF-3.4---> 1558332280.3842537
READ_SCANNED_PDF-2.5---> 1558332280.3843894
READ_SCANNED_PDF-2.3---> 1558332280.3843973
READ_SCANNED_PDF-2.4---> 1558332280.3844306
READ_SCANNED_PDF-3.1---> 1558332280.384446
READ_SCANNED_PDF-3.2---> 1558332280.3844683
READ_SCANNED_PDF-3.3---> 1558332280.5787318
READ_SCANNED_PDF-3.4---> 1558332280.5787692
READ_SCANNED_PDF-2.5---> 1558332280.578885
READ_SCANNED_PDF-2.3---> 1558332280.578891
READ_SCANNED_PDF-2.4---> 1558332280.5789247
READ_SCANNED_PDF-3.1---> 1558332280.5789454
READ_SCANNED_PDF-3.2---> 1558332280.578966
READ_SCANNED_PDF-3.3---> 1558332280.8815339
READ_SCANNED_PDF-3.4---> 1558332280.8815732
READ_SCANNED_PDF-2.5---> 1558332280.881709
READ_SCANNED_PDF-2.3---> 1558332280.8817182
READ_SCANNED_PDF-2.4---> 1558332280.8817508
READ_SCANNED_PDF-3.1---> 1558332280.881768
READ_SCANNED_PDF-3.2---> 1558332280.8817863
READ_SCANNED_PDF-3.3---> 1558332281.0277624
READ_SCANNED_PDF-3.4---> 1558332281.0277984
READ_SCANNED_PDF-2.5---> 1558332281.0279124
READ_SCANNED_PDF-5---> 1558332281.027919
/home/ubuntu/fidelity/working/uploads/X01000019_ed74a9b0-7ac4-11e9-b409-065126a1894a/pages/page-14.pdf
ARGS-->['gs', '-dNOPAUSE', '-dBATCH', '-dSAFER', '-sDEVICE=jpeg', '-dJPEGQ=100', '-r300', '-sPageList=1', '-dQUIET', '-sOutputFile=/home/ubuntu/fidelity/working/uploads/X01000019_ed74a9b0-7ac4-11e9-b409-065126a1894a/images/page-14.jpg', '/home/ubuntu/fidelity/working/uploads/X01000019_ed74a9b0-7ac4-11e9-b409-065126a1894a/pages/page-14.pdf']
READ_SCANNED_PDF-1---> 1558332296.1732466
READ_SCANNED_PDF-2---> 1558332296.1732833
READ_SCANNED_PDF-3---> 1558332301.8840268
READ_SCANNED_PDF-2.1---> 1558332301.8840718
READ_SCANNED_PDF-2.2---> 1558332302.0016446
READ_SCANNED_PDF-2.3---> 1558332302.0016603
READ_SCANNED_PDF-2.4---> 1558332302.0016825
READ_SCANNED_PDF-3.1---> 1558332302.0016935
READ_SCANNED_PDF-3.2---> 1558332302.001714
READ_SCANNED_PDF-3.3---> 1558332302.3962333
READ_SCANNED_PDF-3.4---> 1558332302.39627
READ_SCANNED_PDF-2.5---> 1558332302.3964162
READ_SCANNED_PDF-2.3---> 1558332302.396423
READ_SCANNED_PDF-2.4---> 1558332302.3964596
READ_SCANNED_PDF-3.1---> 1558332302.3964753
READ_SCANNED_PDF-3.2---> 1558332302.3964946
READ_SCANNED_PDF-3.3---> 1558332302.7102633
READ_SCANNED_PDF-3.4---> 1558332302.7103088
READ_SCANNED_PDF-2.5---> 1558332302.710434
READ_SCANNED_PDF-2.3---> 1558332302.71044
READ_SCANNED_PDF-2.4---> 1558332302.7104745
READ_SCANNED_PDF-3.1---> 1558332302.7104912
READ_SCANNED_PDF-3.2---> 1558332302.7105114
READ_SCANNED_PDF-3.3---> 1558332302.8505998
READ_SCANNED_PDF-3.4---> 1558332302.8506348
READ_SCANNED_PDF-2.5---> 1558332302.850746
READ_SCANNED_PDF-2.3---> 1558332302.8507528
READ_SCANNED_PDF-2.4---> 1558332302.8507876
READ_SCANNED_PDF-3.1---> 1558332302.8508072
READ_SCANNED_PDF-3.2---> 1558332302.8508255
READ_SCANNED_PDF-3.3---> 1558332303.2537992
READ_SCANNED_PDF-3.4---> 1558332303.253837
READ_SCANNED_PDF-2.5---> 1558332303.2539601
READ_SCANNED_PDF-2.3---> 1558332303.2539659
READ_SCANNED_PDF-2.4---> 1558332303.2540069
READ_SCANNED_PDF-3.1---> 1558332303.254023
READ_SCANNED_PDF-3.2---> 1558332303.2540433
READ_SCANNED_PDF-3.3---> 1558332303.3722441
READ_SCANNED_PDF-3.4---> 1558332303.3722777
READ_SCANNED_PDF-2.5---> 1558332303.3724182
READ_SCANNED_PDF-2.3---> 1558332303.3724246
READ_SCANNED_PDF-2.4---> 1558332303.3724582
READ_SCANNED_PDF-3.1---> 1558332303.3724742
READ_SCANNED_PDF-3.2---> 1558332303.3724926
READ_SCANNED_PDF-3.3---> 1558332303.4804723
READ_SCANNED_PDF-3.4---> 1558332303.480506
READ_SCANNED_PDF-2.5---> 1558332303.480622
READ_SCANNED_PDF-2.3---> 1558332303.4806275
READ_SCANNED_PDF-2.4---> 1558332303.4806592
READ_SCANNED_PDF-3.1---> 1558332303.480675
READ_SCANNED_PDF-3.2---> 1558332303.480695
READ_SCANNED_PDF-3.3---> 1558332303.836554
READ_SCANNED_PDF-3.4---> 1558332303.8365974
READ_SCANNED_PDF-2.5---> 1558332303.8367214
READ_SCANNED_PDF-2.3---> 1558332303.8367274
READ_SCANNED_PDF-2.4---> 1558332303.8367639
READ_SCANNED_PDF-3.1---> 1558332303.8367822
READ_SCANNED_PDF-3.2---> 1558332303.8368022
READ_SCANNED_PDF-3.3---> 1558332303.9601068
READ_SCANNED_PDF-3.4---> 1558332303.9601426
READ_SCANNED_PDF-2.5---> 1558332303.9602587
READ_SCANNED_PDF-2.3---> 1558332303.9602642
READ_SCANNED_PDF-2.4---> 1558332303.9602969
READ_SCANNED_PDF-3.1---> 1558332303.9603126
READ_SCANNED_PDF-3.2---> 1558332303.9603317
READ_SCANNED_PDF-3.3---> 1558332304.0681827
READ_SCANNED_PDF-3.4---> 1558332304.06822
READ_SCANNED_PDF-2.5---> 1558332304.0683365
READ_SCANNED_PDF-2.3---> 1558332304.0683417
READ_SCANNED_PDF-2.4---> 1558332304.0684018
READ_SCANNED_PDF-3.1---> 1558332304.0684197
READ_SCANNED_PDF-3.2---> 1558332304.0684383
READ_SCANNED_PDF-3.3---> 1558332304.3107805
READ_SCANNED_PDF-3.4---> 1558332304.3108177
READ_SCANNED_PDF-2.5---> 1558332304.3109384
READ_SCANNED_PDF-2.3---> 1558332304.3109448
READ_SCANNED_PDF-2.4---> 1558332304.3109784
READ_SCANNED_PDF-3.1---> 1558332304.3109937
READ_SCANNED_PDF-3.2---> 1558332304.3110123
READ_SCANNED_PDF-3.3---> 1558332304.5305104
READ_SCANNED_PDF-3.4--->Tesseract Open Source OCR Engine v4.0.0-95-g5b65 with Leptonica
Tesseract Open Source OCR Engine v4.0.0-95-g5b65 with Leptonica
Tesseract Open Source OCR Engine v4.0.0-95-g5b65 with Leptonica
Tesseract Open Source OCR Engine v4.0.0-95-g5b65 with Leptonica
Tesseract Open Source OCR Engine v4.0.0-95-g5b65 with Leptonica
Tesseract Open Source OCR Engine v4.0.0-95-g5b65 with Leptonica
Tesseract Open Source OCR Engine v4.0.0-95-g5b65 with Leptonica
Tesseract Open Source OCR Engine v4.0.0-95-g5b65 with Leptonica
Tesseract Open Source OCR Engine v4.0.0-95-g5b65 with Leptonica
Tesseract Open Source OCR Engine v4.0.0-95-g5b65 with Leptonica
Tesseract Open Source OCR Engine v4.0.0-95-g5b65 with Leptonica
Tesseract Open Source OCR Engine v4.0.0-95-g5b65 with Leptonica
Tesseract Open Source OCR Engine v4.0.0-95-g5b65 with Leptonica
Tesseract Open Source OCR Engine v4.0.0-95-g5b65 with Leptonica
[2019-05-20 06:05:24 +0000] [23343] [INFO] Shutting down: Master
[2019-05-20 06:06:15 +0000] [23963] [INFO] Starting gunicorn 19.9.0
[2019-05-20 06:06:15 +0000] [23963] [INFO] Listening at: http://0.0.0.0:4000 (23963)
[2019-05-20 06:06:15 +0000] [23963] [INFO] Using worker: sync
[2019-05-20 06:06:15 +0000] [23998] [INFO] Booting worker with pid: 23998
[2019-05-20 06:06:15 +0000] [23999] [INFO] Booting worker with pid: 23999
[2019-05-20 06:06:15 +0000] [24000] [INFO] Booting worker with pid: 24000
[2019-05-20 06:07:24 +0000] [24038] [INFO] Booting worker with pid: 24038
[2019-05-20 06:07:29 +0000] [24039] [INFO] Booting worker with pid: 24039
[2019-05-20 06:07:34 +0000] [24045] [INFO] Booting worker with pid: 24045
[2019-05-20 06:07:47 +0000] [24045] [INFO] Parent changed, shutting down: <Worker 24045>
[2019-05-20 06:07:47 +0000] [24045] [INFO] Worker exiting (pid: 24045)
 * Running on http://0.0.0.0:4000/ (Press CTRL+C to quit)
49.204.83.254 - - [20/May/2019 06:31:14] "POST /extract HTTP/1.1" 200 -
INFO:werkzeug:49.204.83.254 - - [20/May/2019 06:31:14] "POST /extract HTTP/1.1" 200 -
49.204.83.254 - - [20/May/2019 06:31:15] "GET /pdf_file/fidelity_ddf534f6-7ac8-11e9-b409-065126a1894a HTTP/1.1" 200 -
INFO:werkzeug:49.204.83.254 - - [20/May/2019 06:31:15] "GET /pdf_file/fidelity_ddf534f6-7ac8-11e9-b409-065126a1894a HTTP/1.1" 200 -
49.204.83.254 - - [20/May/2019 06:33:33] "POST /extract HTTP/1.1" 200 -
INFO:werkzeug:49.204.83.254 - - [20/May/2019 06:33:33] "POST /extract HTTP/1.1" 200 -
49.204.83.254 - - [20/May/2019 06:35:44] "GET /pdf_file/Cert_30de3690-7ac9-11e9-b409-065126a1894a HTTP/1.1" 404 -
INFO:werkzeug:49.204.83.254 - - [20/May/2019 06:35:44] "GET /pdf_file/Cert_30de3690-7ac9-11e9-b409-065126a1894a HTTP/1.1" 404 -
49.204.83.254 - - [20/May/2019 07:23:53] "GET / HTTP/1.1" 304 -
INFO:werkzeug:49.204.83.254 - - [20/May/2019 07:23:53] "GET / HTTP/1.1" 304 -
49.204.83.254 - - [20/May/2019 07:23:56] "GET /static/images/favicon.png HTTP/1.1" 200 -
INFO:werkzeug:49.204.83.254 - - [20/May/2019 07:23:56] "GET /static/images/favicon.png HTTP/1.1" 200 -
49.204.83.254 - - [20/May/2019 07:24:09] "GET / HTTP/1.1" 304 -
INFO:werkzeug:49.204.83.254 - - [20/May/2019 07:24:09] "GET / HTTP/1.1" 304 -
49.204.83.254 - - [20/May/2019 07:24:11] "GET /static/images/favicon.png HTTP/1.1" 200 -
INFO:werkzeug:49.204.83.254 - - [20/May/2019 07:24:11] "GET /static/images/favicon.png HTTP/1.1" 200 -
49.204.83.254 - - [20/May/2019 07:24:20] "GET / HTTP/1.1" 200 -
INFO:werkzeug:49.204.83.254 - - [20/May/2019 07:24:20] "GET / HTTP/1.1" 200 -
49.204.83.254 - - [20/May/2019 07:24:20] "GET /static/js/app.js HTTP/1.1" 200 -
INFO:werkzeug:49.204.83.254 - - [20/May/2019 07:24:20] "GET /static/js/app.js HTTP/1.1" 200 -
49.204.83.254 - - [20/May/2019 07:24:20] "GET /static/images/md-circular-progress.svg HTTP/1.1" 200 -
INFO:werkzeug:49.204.83.254 - - [20/May/2019 07:24:20] "GET /static/images/md-circular-progress.svg HTTP/1.1" 200 -
49.204.83.254 - - [20/May/2019 07:24:20] "GET /static/images/infrrd-logo-main.png HTTP/1.1" 200 -
INFO:werkzeug:49.204.83.254 - - [20/May/2019 07:24:20] "GET /static/images/infrrd-logo-main.png HTTP/1.1" 200 -
49.204.83.254 - - [20/May/2019 07:24:20] "GET /static/css/style.css HTTP/1.1" 200 -
INFO:werkzeug:49.204.83.254 - - [20/May/2019 07:24:20] "GET /static/css/style.css HTTP/1.1" 200 -
[2019-05-20 10:09:13 +0000] [31983] [INFO] Starting gunicorn 19.9.0
[2019-05-20 10:09:13 +0000] [31983] [INFO] Listening at: http://0.0.0.0:4000 (31983)
[2019-05-20 10:09:13 +0000] [31983] [INFO] Using worker: sync
[2019-05-20 10:09:13 +0000] [31986] [INFO] Booting worker with pid: 31986
[2019-05-20 10:09:13 +0000] [31987] [INFO] Booting worker with pid: 31987
[2019-05-20 10:09:13 +0000] [31988] [INFO] Booting worker with pid: 31988
[2019-05-30 08:44:30 +0000] [31983] [INFO] Handling signal: term
[2019-05-30 08:44:30 +0000] [31987] [INFO] Worker exiting (pid: 31987)
BASE_PATH- uploads/fidelity_545700b6-7ae7-11e9-b409-065126a1894a File_name-> fidelity_545700b6-7ae7-11e9-b409-065126a1894a.pdf
EROSION_VALUE--------> 0
True
===Compare XML Data===
from the function****************
{'holdings': {'description': ' FDIC INSURED DEPOSIT AT WELLS FARGO HSA NOT COVERED BY SIPC', 'values': ['2801256.31000', '2801256.31000', '1.00000', '2801256.31']}, 'holding_core_account': {'description': 'Total Core Account', 'market_value': '2801256.31'}}
Holding_data---> {'holdings': {'description': ' FDIC INSURED DEPOSIT AT WELLS FARGO HSA NOT COVERED BY SIPC', 'values': ['2801256.31000', '2801256.31000', '1.00000', '2801256.31']}, 'holding_core_account': {'description': 'Total Core Account', 'market_value': '2801256.31'}}
True
True
True
True
Time Taken---->-1.5614242553710938
EROSION_VALUE--------> 0
True
===Compare XML Data===
from the function****************
{'holdings': {'description': ' FDIC INSURED DEPOSIT AT WELLS FARGO HSA NOT COVERED BY SIPC', 'values': ['2801256.31000', '2801256.31000', '1.00000', '2801256.31']}, 'holding_core_account': {'description': 'Total Core Account', 'market_value': '2801256.31'}}
Holding_data---> {'holdings': {'description': ' FDIC INSURED DEPOSIT AT WELLS FARGO HSA NOT COVERED BY SIPC', 'values': ['2801256.31000', '2801256.31000', '1.00000', '2801256.31']}, 'holding_core_account': {'description': 'Total Core Account', 'market_value': '2801256.31'}}
True
True
True
True
Time Taken---->-1.3580412864685059
BASE_PATH- uploads/fidelity_69323036-7ae8-11e9-b409-065126a1894a File_name-> fidelity_69323036-7ae8-11e9-b409-065126a1894a.pdf
BASE_PATH- uploads/fidelity_c784587c-7d2b-11e9-b409-065126a1894a File_name-> fidelity_c784587c-7d2b-11e9-b409-065126a1894a.pdf
EROSION_VALUE--------> 0
True
===Compare XML Data===
from the function****************
{'holdings': {'description': ' FDIC INSURED DEPOSIT AT WELLS FARGO HSA NOT COVERED BY SIPC', 'values': ['2801256.31000', '2801256.31000', '1.00000', '2801256.31']}, 'holding_core_account': {'description': 'Total Core Account', 'market_value': '2801256.31'}}
Holding_data---> {'holdings': {'description': ' FDIC INSURED DEPOSIT AT WELLS FARGO HSA NOT COVERED BY SIPC', 'values': ['2801256.31000', '2801256.31000', '1.00000', '2801256.31']}, 'holding_core_account': {'description': 'Total Core Account', 'market_value': '2801256.31'}}
True
True
True
True
Time Taken---->-1.3981046676635742
EROSION_VALUE--------> 0
True
===Compare XML Data===
from the function****************
{'holdings': {'description': ' FDIC INSURED DEPOSIT AT WELLS FARGO HSA NOT COVERED BY SIPC', 'values': ['2801256.31000', '2801256.31000', '1.00000', '2801256.31']}, 'holding_core_account': {'description': 'Total Core Account', 'market_value': '2801256.31'}}
Holding_data---> {'holdings': {'description': ' FDIC INSURED DEPOSIT AT WELLS FARGO HSA NOT COVERED BY SIPC', 'values': ['2801256.31000', '2801256.31000', '1.00000', '2801256.31']}, 'holding_core_account': {'description': 'Total Core Account', 'market_value': '2801256.31'}}
True
True
True
True
Time Taken---->-1.4965405464172363
[2019-05-30 08:44:30 +0000] [31986] [INFO] Worker exiting (pid: 31986)
EROSION_VALUE--------> 0
True
===Compare XML Data===
from the function****************
{'holdings': {'description': ' FDIC INSURED DEPOSIT AT WELLS FARGO HSA NOT COVERED BY SIPC', 'values': ['2801256.31000', '2801256.31000', '1.00000', '2801256.31']}, 'holding_core_account': {'description': 'Total Core Account', 'market_value': '2801256.31'}}
Holding_data---> {'holdings': {'description': ' FDIC INSURED DEPOSIT AT WELLS FARGO HSA NOT COVERED BY SIPC', 'values': ['2801256.31000', '2801256.31000', '1.00000', '2801256.31']}, 'holding_core_account': {'description': 'Total Core Account', 'market_value': '2801256.31'}}
True
True
True
True
Time Taken---->-1.3184161186218262
EROSION_VALUE--------> 0
True
===Compare XML Data===
from the function****************
{'holdings': {'description': ' FDIC INSURED DEPOSIT AT WELLS FARGO HSA NOT COVERED BY SIPC', 'values': ['2801256.31000', '2801256.31000', '1.00000', '2801256.31']}, 'holding_core_account': {'description': 'Total Core Account', 'market_value': '2801256.31'}}
Holding_data---> {'holdings': {'description': ' FDIC INSURED DEPOSIT AT WELLS FARGO HSA NOT COVERED BY SIPC', 'values': ['2801256.31000', '2801256.31000', '1.00000', '2801256.31']}, 'holding_core_account': {'description': 'Total Core Account', 'market_value': '2801256.31'}}
True
True
True
True
Time Taken---->-1.3011341094970703
EROSION_VALUE--------> 0
True
===Compare XML Data===
from the function****************
{'holdings': {'description': ' FDIC INSURED DEPOSIT AT WELLS FARGO HSA NOT COVERED BY SIPC', 'values': ['2801256.31000', '2801256.31000', '1.00000', '2801256.31']}, 'holding_core_account': {'description': 'Total Core Account', 'market_value': '2801256.31'}}
Holding_data---> {'holdings': {'description': ' FDIC INSURED DEPOSIT AT WELLS FARGO HSA NOT COVERED BY SIPC', 'values': ['2801256.31000', '2801256.31000', '1.00000', '2801256.31']}, 'holding_core_account': {'description': 'Total Core Account', 'market_value': '2801256.31'}}
True
True
True
True
Time Taken---->-1.4860622882843018
EROSION_VALUE--------> 0
True
===Compare XML Data===
from the function****************
{'holdings': {'description': ' FDIC INSURED DEPOSIT AT WELLS FARGO HSA NOT COVERED BY SIPC', 'values': ['2801256.31000', '2801256.31000', '1.00000', '2801256.31']}, 'holding_core_account': {'description': 'Total Core Account', 'market_value': '2801256.31'}}
Holding_data---> {'holdings': {'description': ' FDIC INSURED DEPOSIT AT WELLS FARGO HSA NOT COVERED BY SIPC', 'values': ['2801256.31000', '2801256.31000', '1.00000', '2801256.31']}, 'holding_core_account': {'description': 'Total Core Account', 'market_value': '2801256.31'}}
True
True
True
True
Time Taken---->-2.235830783843994
BASE_PATH- uploads/fidelity_6171c13e-8201-11e9-b409-065126a1894a File_name-> fidelity_6171c13e-8201-11e9-b409-065126a1894a.pdf
[2019-05-30 08:44:30 +0000] [31988] [INFO] Worker exiting (pid: 31988)
BASE_PATH- uploads/fidelity_5f76938a-7ae7-11e9-b409-065126a1894a File_name-> fidelity_5f76938a-7ae7-11e9-b409-065126a1894a.pdf
BASE_PATH- uploads/fidelity_dfe83258-7ae7-11e9-b409-065126a1894a File_name-> fidelity_dfe83258-7ae7-11e9-b409-065126a1894a.pdf
BASE_PATH- uploads/fidelity_d2026b70-804d-11e9-b409-065126a1894a File_name-> fidelity_d2026b70-804d-11e9-b409-065126a1894a.pdf
BASE_PATH- uploads/fidelity_75b117b0-81e0-11e9-b409-065126a1894a File_name-> fidelity_75b117b0-81e0-11e9-b409-065126a1894a.pdf
[2019-05-30 08:44:30 +0000] [31983] [INFO] Shutting down: Master
[2019-05-30 09:02:03 +0000] [14845] [INFO] Starting gunicorn 19.9.0
[2019-05-30 09:02:03 +0000] [14845] [INFO] Listening at: http://0.0.0.0:4000 (14845)
[2019-05-30 09:02:03 +0000] [14845] [INFO] Using worker: sync
[2019-05-30 09:02:03 +0000] [14848] [INFO] Booting worker with pid: 14848
[2019-05-30 09:02:03 +0000] [14849] [INFO] Booting worker with pid: 14849
[2019-05-30 09:02:03 +0000] [14850] [INFO] Booting worker with pid: 14850
ERROR:root:Error in service = [Errno 2] No such file or directory: '/Users/shravanc/learning_pyt/fidelity/app/uploads/fidelity/pages/page-1.pdf'
Traceback (most recent call last):
  File "/home/ubuntu/fidelity/working/controllers/extract_data.py", line 95, in post
    result = get_extraction()
  File "/home/ubuntu/fidelity/working/lib/parse_data.py", line 15, in get_extraction
    data.append( { "name": 'Overlap', "tables": extract_overlaps()} )
  File "/home/ubuntu/fidelity/working/lib/helpers/overlap.py", line 91, in extract_overlaps
    return find_overlaps()
  File "/home/ubuntu/fidelity/working/lib/helpers/overlap.py", line 59, in find_overlaps
    words = get_words()
  File "/home/ubuntu/fidelity/working/lib/helpers/overlap.py", line 11, in get_words
    with pdfplumber.open(pdf_file) as pdf:
  File "/home/ubuntu/ocbc/ocbc_poc/venv/lib/python3.6/site-packages/pdfplumber/pdf.py", line 40, in open
    return cls(open(path, "rb"), **kwargs)
FileNotFoundError: [Errno 2] No such file or directory: '/Users/shravanc/learning_pyt/fidelity/app/uploads/fidelity/pages/page-1.pdf'
[2019-05-30 09:02:37 +0000] [14845] [INFO] Handling signal: term
[2019-05-30 09:02:37 +0000] [14850] [INFO] Worker exiting (pid: 14850)
EROSION_VALUE--------> 0
True
===Compare XML Data===
from the function****************
{'holdings': {'description': ' FDIC INSURED DEPOSIT AT WELLS FARGO HSA NOT COVERED BY SIPC', 'values': ['2801256.31000', '2801256.31000', '1.00000', '2801256.31']}, 'holding_core_account': {'description': 'Total Core Account', 'market_value': '2801256.31'}}
Holding_data---> {'holdings': {'description': ' FDIC INSURED DEPOSIT AT WELLS FARGO HSA NOT COVERED BY SIPC', 'values': ['2801256.31000', '2801256.31000', '1.00000', '2801256.31']}, 'holding_core_account': {'description': 'Total Core Account', 'market_value': '2801256.31'}}
True
True
True
True
2***ERROR*** [Errno 2] No such file or directory: '/Users/shravanc/learning_pyt/fidelity/app/uploads/fidelity/pages/page-1.pdf'
[2019-05-30 09:02:37 +0000] [14849] [INFO] Worker exiting (pid: 14849)
[2019-05-30 09:02:37 +0000] [14848] [INFO] Worker exiting (pid: 14848)
[2019-05-30 09:02:38 +0000] [14845] [INFO] Shutting down: Master
[2019-05-30 09:17:18 +0000] [15584] [INFO] Starting gunicorn 19.9.0
[2019-05-30 09:17:18 +0000] [15584] [INFO] Listening at: http://0.0.0.0:4000 (15584)
[2019-05-30 09:17:18 +0000] [15584] [INFO] Using worker: sync
[2019-05-30 09:17:18 +0000] [15587] [INFO] Booting worker with pid: 15587
[2019-05-30 09:17:18 +0000] [15588] [INFO] Booting worker with pid: 15588
[2019-05-30 09:17:18 +0000] [15589] [INFO] Booting worker with pid: 15589
[2019-05-31 05:45:41 +0000] [15587] [INFO] Worker exiting (pid: 15587)
[2019-05-31 05:45:41 +0000] [15589] [INFO] Worker exiting (pid: 15589)
EROSION_VALUE--------> 0
True
===Compare XML Data===
from the function****************
{'holdings': {'description': ' FDIC INSURED DEPOSIT AT WELLS FARGO HSA NOT COVERED BY SIPC', 'values': ['2801256.31000', '2801256.31000', '1.00000', '2801256.31']}, 'holding_core_account': {'description': 'Total Core Account', 'market_value': '2801256.31'}}
Holding_data---> {'holdings': {'description': ' FDIC INSURED DEPOSIT AT WELLS FARGO HSA NOT COVERED BY SIPC', 'values': ['2801256.31000', '2801256.31000', '1.00000', '2801256.31']}, 'holding_core_account': {'description': 'Total Core Account', 'market_value': '2801256.31'}}
True
True
True
True
********FOUND*********
word_1--->{'x0': Decimal('435.600'), 'x1': Decimal('486.720'), 'top': Decimal('167.720'), 'bottom': Decimal('190.840'), 'text': 'TEST'}
word_2--->{'x0': Decimal('426.905'), 'x1': Decimal('446.903'), 'top': Decimal('163.203'), 'bottom': Decimal('173.913'), 'text': 'from'}
********FOUND*********
********FOUND*********
word_1--->{'x0': Decimal('435.600'), 'x1': Decimal('486.720'), 'top': Decimal('167.720'), 'bottom': Decimal('190.840'), 'text': 'TEST'}
word_2--->{'x0': Decimal('449.405'), 'x1': Decimal('467.909'), 'top': Decimal('163.203'), 'bottom': Decimal('173.913'), 'text': 'Last'}
********FOUND*********
********FOUND*********
word_1--->{'x0': Decimal('492.280'), 'x1': Decimal('607.820'), 'top': Decimal('167.720'), 'bottom': Decimal('190.840'), 'text': 'DOCUMENT'}
word_2--->{'x0': Decimal('470.411'), 'x1': Decimal('501.416'), 'top': Decimal('163.203'), 'bottom': Decimal('173.913'), 'text': 'Period:'}
********FOUND*********
********FOUND*********
word_1--->{'x0': Decimal('66.000'), 'x1': Decimal('92.001'), 'top': Decimal('167.859'), 'bottom': Decimal('178.263'), 'text': 'ATTN:'}
word_2--->{'x0': Decimal('39.600'), 'x1': Decimal('90.720'), 'top': Decimal('167.720'), 'bottom': Decimal('190.840'), 'text': 'TEST'}
********FOUND*********
********FOUND*********
word_1--->{'x0': Decimal('66.000'), 'x1': Decimal('81.012'), 'top': Decimal('178.409'), 'bottom': Decimal('188.813'), 'text': '584'}
word_2--->{'x0': Decimal('39.600'), 'x1': Decimal('90.720'), 'top': Decimal('167.720'), 'bottom': Decimal('190.840'), 'text': 'TEST'}
********FOUND*********
********FOUND*********
word_1--->{'x0': Decimal('83.514'), 'x1': Decimal('122.520'), 'top': Decimal('178.409'), 'bottom': Decimal('188.813'), 'text': 'OSBORN'}
word_2--->{'x0': Decimal('39.600'), 'x1': Decimal('90.720'), 'top': Decimal('167.720'), 'bottom': Decimal('190.840'), 'text': 'TEST'}
********FOUND*********
********FOUND*********
word_1--->{'x0': Decimal('125.022'), 'x1': Decimal('151.023'), 'top': Decimal('178.409'), 'bottom': Decimal('188.813'), 'text': 'ROAD'}
word_2--->{'x0': Decimal('96.280'), 'x1': Decimal('211.820'), 'top': Decimal('167.720'), 'bottom': Decimal('190.840'), 'text': 'DOCUMENT'}
********FOUND*********
********FOUND*********
word_1--->{'x0': Decimal('391.400'), 'x1': Decimal('411.407'), 'top': Decimal('182.009'), 'bottom': Decimal('192.413'), 'text': 'Total'}
word_2--->{'x0': Decimal('294.280'), 'x1': Decimal('409.820'), 'top': Decimal('167.720'), 'bottom': Decimal('190.840'), 'text': 'DOCUMENT'}
********FOUND*********
********FOUND*********
word_1--->{'x0': Decimal('452.429'), 'x1': Decimal('474.938'), 'top': Decimal('182.009'), 'bottom': Decimal('192.413'), 'text': 'Other'}
word_2--->{'x0': Decimal('435.600'), 'x1': Decimal('486.720'), 'top': Decimal('167.720'), 'bottom': Decimal('190.840'), 'text': 'TEST'}
********FOUND*********
********FOUND*********
word_1--->{'x0': Decimal('477.440'), 'x1': Decimal('512.450'), 'top': Decimal('182.009'), 'bottom': Decimal('192.413'), 'text': 'Holdings'}
word_2--->{'x0': Decimal('435.600'), 'x1': Decimal('486.720'), 'top': Decimal('167.720'), 'bottom': Decimal('190.840'), 'text': 'TEST'}
********FOUND*********
Time Taken---->-1.4689946174621582
EROSION_VALUE--------> 0
True
===Compare XML Data===
from the function****************
{'holdings': {'description': ' FDIC INSURED DEPOSIT AT WELLS FARGO HSA NOT COVERED BY SIPC', 'values': ['2801256.31000', '2801256.31000', '1.00000', '2801256.31']}, 'holding_core_account': {'description': 'Total Core Account', 'market_value': '2801256.31'}}
Holding_data---> {'holdings': {'description': ' FDIC INSURED DEPOSIT AT WELLS FARGO HSA NOT COVERED BY SIPC', 'values': ['2801256.31000', '2801256.31000', '1.00000', '2801256.31']}, 'holding_core_account': {'description': 'Total Core Account', 'market_value': '2801256.31'}}
True
True
True
True
********FOUND*********
word_1--->{'x0': Decimal('435.600'), 'x1': Decimal('486.720'), 'top': Decimal('167.720'), 'bottom': Decimal('190.840'), 'text': 'TEST'}
word_2--->{'x0': Decimal('426.905'), 'x1': Decimal('446.903'), 'top': Decimal('163.203'), 'bottom': Decimal('173.913'), 'text': 'from'}
********FOUND*********
********FOUND*********
word_1--->{'x0': Decimal('435.600'), 'x1': Decimal('486.720'), 'top': Decimal('167.720'), 'bottom': Decimal('190.840'), 'text': 'TEST'}
word_2--->{'x0': Decimal('449.405'), 'x1': Decimal('467.909'), 'top': Decimal('163.203'), 'bottom': Decimal('173.913'), 'text': 'Last'}
********FOUND*********
********FOUND*********
word_1--->{'x0': Decimal('492.280'), 'x1': Decimal('607.820'), 'top': Decimal('167.720'), 'bottom': Decimal('190.840'), 'text': 'DOCUMENT'}
word_2--->{'x0': Decimal('470.411'), 'x1': Decimal('501.416'), 'top': Decimal('163.203'), 'bottom': Decimal('173.913'), 'text': 'Period:'}
********FOUND*********
********FOUND*********
word_1--->{'x0': Decimal('66.000'), 'x1': Decimal('92.001'), 'top': Decimal('167.859'), 'bottom': Decimal('178.263'), 'text': 'ATTN:'}
word_2--->{'x0': Decimal('39.600'), 'x1': Decimal('90.720'), 'top': Decimal('167.720'), 'bottom': Decimal('190.840'), 'text': 'TEST'}
********FOUND*********
********FOUND*********
word_1--->{'x0': Decimal('66.000'), 'x1': Decimal('81.012'), 'top': Decimal('178.409'), 'bottom': Decimal('188.813'), 'text': '584'}
word_2--->{'x0': Decimal('39.600'), 'x1': Decimal('90.720'), 'top': Decimal('167.720'), 'bottom': Decimal('190.840'), 'text': 'TEST'}
********FOUND*********
********FOUND*********
word_1--->{'x0': Decimal('83.514'), 'x1': Decimal('122.520'), 'top': Decimal('178.409'), 'bottom': Decimal('188.813'), 'text': 'OSBORN'}
word_2--->{'x0': Decimal('39.600'), 'x1': Decimal('90.720'), 'top': Decimal('167.720'), 'bottom': Decimal('190.840'), 'text': 'TEST'}
********FOUND*********
********FOUND*********
word_1--->{'x0': Decimal('125.022'), 'x1': Decimal('151.023'), 'top': Decimal('178.409'), 'bottom': Decimal('188.813'), 'text': 'ROAD'}
word_2--->{'x0': Decimal('96.280'), 'x1': Decimal('211.820'), 'top': Decimal('167.720'), 'bottom': Decimal('190.840'), 'text': 'DOCUMENT'}
********FOUND*********
********FOUND*********
word_1--->{'x0': Decimal('391.400'), 'x1': Decimal('411.407'), 'top': Decimal('182.009'), 'bottom': Decimal('192.413'), 'text': 'Total'}
word_2--->{'x0': Decimal('294.280'), 'x1': Decimal('409.820'), 'top': Decimal('167.720'), 'bottom': Decimal('190.840'), 'text': 'DOCUMENT'}
********FOUND*********
********FOUND*********
word_1--->{'x0': Decimal('452.429'), 'x1': Decimal('474.938'), 'top': Decimal('182.009'), 'bottom': Decimal('192.413'), 'text': 'Other'}
word_2--->{'x0': Decimal('435.600'), 'x1': Decimal('486.720'), 'top': Decimal('167.720'), 'bottom': Decimal('190.840'), 'text': 'TEST'}
********FOUND*********
********FOUND*********
word_1--->{'x0': Decimal('477.440'), 'x1': Decimal('512.450'), 'top': Decimal('182.009'), 'bottom': Decimal('192.413'), 'text': 'Holdings'}
word_2--->{'x0': Decimal('435.600'), 'x1': Decimal('486.720'), 'top': Decimal('167.720'), 'bottom': Decimal('190.840'), 'text': 'TEST'}
********FOUND*********
Time Taken---->-1.6658694744110107
[2019-05-31 05:45:41 +0000] [15588] [INFO] Worker exiting (pid: 15588)
BASE_PATH- uploads/fidelity_c2e066ae-82bb-11e9-b409-065126a1894a File_name-> fidelity_c2e066ae-82bb-11e9-b409-065126a1894a.pdf
BASE_PATH- uploads/fidelity_4298def4-82c5-11e9-b409-065126a1894a File_name-> fidelity_4298def4-82c5-11e9-b409-065126a1894a.pdf
[2019-05-31 05:45:41 +0000] [15584] [INFO] Handling signal: term
[2019-05-31 05:45:41 +0000] [15584] [INFO] Shutting down: Master
[2019-05-31 06:08:37 +0000] [2210] [INFO] Starting gunicorn 19.9.0
[2019-05-31 06:08:37 +0000] [2210] [INFO] Listening at: http://0.0.0.0:4000 (2210)
[2019-05-31 06:08:37 +0000] [2210] [INFO] Using worker: sync
[2019-05-31 06:08:37 +0000] [2213] [INFO] Booting worker with pid: 2213
[2019-05-31 06:08:37 +0000] [2214] [INFO] Booting worker with pid: 2214
[2019-05-31 06:08:37 +0000] [2215] [INFO] Booting worker with pid: 2215
[2019-05-31 06:37:30 +0000] [3377] [INFO] Starting gunicorn 19.9.0
[2019-05-31 06:37:30 +0000] [3377] [ERROR] Connection in use: ('0.0.0.0', 4000)
[2019-05-31 06:37:30 +0000] [3377] [ERROR] Retrying in 1 second.
[2019-05-31 06:37:31 +0000] [3377] [ERROR] Connection in use: ('0.0.0.0', 4000)
[2019-05-31 06:37:31 +0000] [3377] [ERROR] Retrying in 1 second.
[2019-05-31 06:37:32 +0000] [3377] [ERROR] Connection in use: ('0.0.0.0', 4000)
[2019-05-31 06:37:32 +0000] [3377] [ERROR] Retrying in 1 second.
[2019-05-31 06:37:33 +0000] [3377] [ERROR] Connection in use: ('0.0.0.0', 4000)
[2019-05-31 06:37:33 +0000] [3377] [ERROR] Retrying in 1 second.
[2019-05-31 06:37:34 +0000] [3377] [ERROR] Connection in use: ('0.0.0.0', 4000)
[2019-05-31 06:37:34 +0000] [3377] [ERROR] Retrying in 1 second.
[2019-05-31 06:37:35 +0000] [3377] [ERROR] Can't connect to ('0.0.0.0', 4000)
[2019-05-31 06:37:49 +0000] [2210] [INFO] Handling signal: term
[2019-05-31 06:37:49 +0000] [2213] [INFO] Worker exiting (pid: 2213)
[2019-05-31 06:37:49 +0000] [2215] [INFO] Worker exiting (pid: 2215)
[2019-05-31 06:37:49 +0000] [2214] [INFO] Worker exiting (pid: 2214)
[2019-05-31 06:37:49 +0000] [2210] [INFO] Shutting down: Master
[2019-05-31 06:46:01 +0000] [3911] [INFO] Starting gunicorn 19.9.0
[2019-05-31 06:46:01 +0000] [3911] [INFO] Listening at: http://0.0.0.0:4000 (3911)
[2019-05-31 06:46:01 +0000] [3911] [INFO] Using worker: sync
[2019-05-31 06:46:01 +0000] [3914] [INFO] Booting worker with pid: 3914
[2019-05-31 06:46:01 +0000] [3915] [INFO] Booting worker with pid: 3915
[2019-05-31 06:46:01 +0000] [3916] [INFO] Booting worker with pid: 3916
EROSION_VALUE--------> 0
True
===Compare XML Data===
from the function****************
{'holdings': {'description': ' FDIC INSURED DEPOSIT AT WELLS FARGO HSA NOT COVERED BY SIPC', 'values': ['2801256.31000', '2801256.31000', '1.00000', '2801256.31']}, 'holding_core_account': {'description': 'Total Core Account', 'market_value': '2801256.31'}}
Holding_data---> {'holdings': {'description': ' FDIC INSURED DEPOSIT AT WELLS FARGO HSA NOT COVERED BY SIPC', 'values': ['2801256.31000', '2801256.31000', '1.00000', '2801256.31']}, 'holding_core_account': {'description': 'Total Core Account', 'market_value': '2801256.31'}}
True
True
True
True
********FOUND*********
word_1--->{'x0': Decimal('435.600'), 'x1': Decimal('486.720'), 'top': Decimal('167.720'), 'bottom': Decimal('190.840'), 'text': 'TEST'}
word_2--->{'x0': Decimal('426.905'), 'x1': Decimal('446.903'), 'top': Decimal('163.203'), 'bottom': Decimal('173.913'), 'text': 'from'}
********FOUND*********
********FOUND*********
word_1--->{'x0': Decimal('435.600'), 'x1': Decimal('486.720'), 'top': Decimal('167.720'), 'bottom': Decimal('190.840'), 'text': 'TEST'}
word_2--->{'x0': Decimal('449.405'), 'x1': Decimal('467.909'), 'top': Decimal('163.203'), 'bottom': Decimal('173.913'), 'text': 'Last'}
********FOUND*********
********FOUND*********
word_1--->{'x0': Decimal('492.280'), 'x1': Decimal('607.820'), 'top': Decimal('167.720'), 'bottom': Decimal('190.840'), 'text': 'DOCUMENT'}
word_2--->{'x0': Decimal('470.411'), 'x1': Decimal('501.416'), 'top': Decimal('163.203'), 'bottom': Decimal('173.913'), 'text': 'Period:'}
********FOUND*********
********FOUND*********
word_1--->{'x0': Decimal('66.000'), 'x1': Decimal('92.001'), 'top': Decimal('167.859'), 'bottom': Decimal('178.263'), 'text': 'ATTN:'}
word_2--->{'x0': Decimal('39.600'), 'x1': Decimal('90.720'), 'top': Decimal('167.720'), 'bottom': Decimal('190.840'), 'text': 'TEST'}
********FOUND*********
********FOUND*********
word_1--->{'x0': Decimal('66.000'), 'x1': Decimal('81.012'), 'top': Decimal('178.409'), 'bottom': Decimal('188.813'), 'text': '584'}
word_2--->{'x0': Decimal('39.600'), 'x1': Decimal('90.720'), 'top': Decimal('167.720'), 'bottom': Decimal('190.840'), 'text': 'TEST'}
********FOUND*********
********FOUND*********
word_1--->{'x0': Decimal('83.514'), 'x1': Decimal('122.520'), 'top': Decimal('178.409'), 'bottom': Decimal('188.813'), 'text': 'OSBORN'}
word_2--->{'x0': Decimal('39.600'), 'x1': Decimal('90.720'), 'top': Decimal('167.720'), 'bottom': Decimal('190.840'), 'text': 'TEST'}
********FOUND*********
********FOUND*********
word_1--->{'x0': Decimal('125.022'), 'x1': Decimal('151.023'), 'top': Decimal('178.409'), 'bottom': Decimal('188.813'), 'text': 'ROAD'}
word_2--->{'x0': Decimal('96.280'), 'x1': Decimal('211.820'), 'top': Decimal('167.720'), 'bottom': Decimal('190.840'), 'text': 'DOCUMENT'}
********FOUND*********
********FOUND*********
word_1--->{'x0': Decimal('391.400'), 'x1': Decimal('411.407'), 'top': Decimal('182.009'), 'bottom': Decimal('192.413'), 'text': 'Total'}
word_2--->{'x0': Decimal('294.280'), 'x1': Decimal('409.820'), 'top': Decimal('167.720'), 'bottom': Decimal('190.840'), 'text': 'DOCUMENT'}
********FOUND*********
********FOUND*********
word_1--->{'x0': Decimal('452.429'), 'x1': Decimal('474.938'), 'top': Decimal('182.009'), 'bottom': Decimal('192.413'), 'text': 'Other'}
word_2--->{'x0': Decimal('435.600'), 'x1': Decimal('486.720'), 'top': Decimal('167.720'), 'bottom': Decimal('190.840'), 'text': 'TEST'}
********FOUND*********
********FOUND*********
word_1--->{'x0': Decimal('477.440'), 'x1': Decimal('512.450'), 'top': Decimal('182.009'), 'bottom': Decimal('192.413'), 'text': 'Holdings'}
word_2--->{'x0': Decimal('435.600'), 'x1': Decimal('486.720'), 'top': Decimal('167.720'), 'bottom': Decimal('190.840'), 'text': 'TEST'}
********FOUND*********
Time Taken---->-1.617427110671997
EROSION_VALUE--------> 0
True
===Compare XML Data===
from the function****************
{'holdings': {'description': ' FDIC INSURED DEPOSIT AT WELLS FARGO HSA NOT COVERED BY SIPC', 'values': ['2801256.31000', '2801256.31000', '1.00000', '2801256.31']}, 'holding_core_account': {'description': 'Total Core Account', 'market_value': '2801256.31'}}
Holding_data---> {'holdings': {'description': ' FDIC INSURED DEPOSIT AT WELLS FARGO HSA NOT COVERED BY SIPC', 'values': ['2801256.31000', '2801256.31000', '1.00000', '2801256.31']}, 'holding_core_account': {'description': 'Total Core Account', 'market_value': '2801256.31'}}
True
True
True
True
********FOUND*********
word_1--->{'x0': Decimal('435.600'), 'x1': Decimal('486.720'), 'top': Decimal('167.720'), 'bottom': Decimal('190.840'), 'text': 'TEST'}
word_2--->{'x0': Decimal('426.905'), 'x1': Decimal('446.903'), 'top': Decimal('163.203'), 'bottom': Decimal('173.913'), 'text': 'from'}
********FOUND*********
********FOUND*********
word_1--->{'x0': Decimal('435.600'), 'x1': Decimal('486.720'), 'top': Decimal('167.720'), 'bottom': Decimal('190.840'), 'text': 'TEST'}
word_2--->{'x0': Decimal('449.405'), 'x1': Decimal('467.909'), 'top': Decimal('163.203'), 'bottom': Decimal('173.913'), 'text': 'Last'}
********FOUND*********
********FOUND*********
word_1--->{'x0': Decimal('492.280'), 'x1': Decimal('607.820'), 'top': Decimal('167.720'), 'bottom': Decimal('190.840'), 'text': 'DOCUMENT'}
word_2--->{'x0': Decimal('470.411'), 'x1': Decimal('501.416'), 'top': Decimal('163.203'), 'bottom': Decimal('173.913'), 'text': 'Period:'}
********FOUND*********
********FOUND*********
word_1--->{'x0': Decimal('66.000'), 'x1': Decimal('92.001'), 'top': Decimal('167.859'), 'bottom': Decimal('178.263'), 'text': 'ATTN:'}
word_2--->{'x0': Decimal('39.600'), 'x1': Decimal('90.720'), 'top': Decimal('167.720'), 'bottom': Decimal('190.840'), 'text': 'TEST'}
********FOUND*********
********FOUND*********
word_1--->{'x0': Decimal('66.000'), 'x1': Decimal('81.012'), 'top': Decimal('178.409'), 'bottom': Decimal('188.813'), 'text': '584'}
word_2--->{'x0': Decimal('39.600'), 'x1': Decimal('90.720'), 'top': Decimal('167.720'), 'bottom': Decimal('190.840'), 'text': 'TEST'}
********FOUND*********
********FOUND*********
word_1--->{'x0': Decimal('83.514'), 'x1': Decimal('122.520'), 'top': Decimal('178.409'), 'bottom': Decimal('188.813'), 'text': 'OSBORN'}
word_2--->{'x0': Decimal('39.600'), 'x1': Decimal('90.720'), 'top': Decimal('167.720'), 'bottom': Decimal('190.840'), 'text': 'TEST'}
********FOUND*********
********FOUND*********
word_1--->{'x0': Decimal('125.022'), 'x1': Decimal('151.023'), 'top': Decimal('178.409'), 'bottom': Decimal('188.813'), 'text': 'ROAD'}
word_2--->{'x0': Decimal('96.280'), 'x1': Decimal('211.820'), 'top': Decimal('167.720'), 'bottom': Decimal('190.840'), 'text': 'DOCUMENT'}
********FOUND*********
********FOUND*********
word_1--->{'x0': Decimal('391.400'), 'x1': Decimal('411.407'), 'top': Decimal('182.009'), 'bottom': Decimal('192.413'), 'text': 'Total'}
word_2--->{'x0': Decimal('294.280'), 'x1': Decimal('409.820'), 'top': Decimal('167.720'), 'bottom': Decimal('190.840'), 'text': 'DOCUMENT'}
********FOUND*********
********FOUND*********
word_1--->{'x0': Decimal('452.429'), 'x1': Decimal('474.938'), 'top': Decimal('182.009'), 'bottom': Decimal('192.413'), 'text': 'Other'}
word_2--->{'x0': Decimal('435.600'), 'x1': Decimal('486.720'), 'top': Decimal('167.720'), 'bottom': Decimal('190.840'), 'text': 'TEST'}
********FOUND*********
********FOUND*********
word_1--->{'x0': Decimal('477.440'), 'x1': Decimal('512.450'), 'top': Decimal('182.009'), 'bottom': Decimal('192.413'), 'text': 'Holdings'}
word_2--->{'x0': Decimal('435.600'), 'x1': Decimal('486.720'), 'top': Decimal('167.720'), 'bottom': Decimal('190.840'), 'text': 'TEST'}
********FOUND*********
Time Taken---->-1.4434337615966797
BASE_PATH- uploads/fidelity_a5b0119e-8822-11e9-b409-065126a1894a File_name-> fidelity_a5b0119e-8822-11e9-b409-065126a1894a.pdf
BASE_PATH- uploads/FI_Mock_Sample_91ed02d4-88a9-11e9-b409-065126a1894a File_name-> FI_Mock_Sample_91ed02d4-88a9-11e9-b409-065126a1894a.pdf
EROSION_VALUE--------> 0
True
===Compare XML Data===
from the function****************
{'holdings': {'description': ' FDIC INSURED DEPOSIT AT WELLS FARGO HSA NOT COVERED BY SIPC', 'values': ['2801256.31000', '2801256.31000', '1.00000', '2801256.31']}, 'holding_core_account': {'description': 'Total Core Account', 'market_value': '2801256.31'}}[2019-06-17 10:09:35 +0000] [3911] [CRITICAL] WORKER TIMEOUT (pid:3916)
[2019-06-17 10:09:35 +0000] [3916] [INFO] Worker exiting (pid: 3916)
BASE_PATH- uploads/fidelity_c4f93740-836f-11e9-b409-065126a1894a File_name-> fidelity_c4f93740-836f-11e9-b409-065126a1894a.pdf
BASE_PATH- uploads/fidelity_ad125954-8383-11e9-b409-065126a1894a File_name-> fidelity_ad125954-8383-11e9-b409-065126a1894a.pdf
EROSION_VALUE--------> 0
True
===Compare XML Data===
from the function****************
{'holdings': {'description': ' FDIC INSURED DEPOSIT AT WELLS FARGO HSA NOT COVERED BY SIPC', 'values': ['2801256.31000', '2801256.31000', '1.00000', '2801256.31']}, 'holding_core_account': {'description': 'Total Core Account', 'market_value': '2801256.31'}}
Holding_data---> {'holdings': {'description': ' FDIC INSURED DEPOSIT AT WELLS FARGO HSA NOT COVERED BY SIPC', 'values': ['2801256.31000', '2801256.31000', '1.00000', '2801256.31']}, 'holding_core_account': {'description': 'Total Core Account', 'market_value': '2801256.31'}}
True
True
True
True
********FOUND*********
word_1--->{'x0': Decimal('435.600'), 'x1': Decimal('486.720'), 'top': Decimal('167.720'), 'bottom': Decimal('190.840'), 'text': 'TEST'}
word_2--->{'x0': Decimal('426.905'), 'x1': Decimal('446.903'), 'top': Decimal('163.203'), 'bottom': Decimal('173.913'), 'text': 'from'}
********FOUND*********
********FOUND*********
word_1--->{'x0': Decimal('435.600'), 'x1': Decimal('486.720'), 'top': Decimal('167.720'), 'bottom': Decimal('190.840'), 'text': 'TEST'}
word_2--->{'x0': Decimal('449.405'), 'x1': Decimal('467.909'), 'top': Decimal('163.203'), 'bottom': Decimal('173.913'), 'text': 'Last'}
********FOUND*********
********FOUND*********
word_1--->{'x0': Decimal('492.280'), 'x1': Decimal('607.820'), 'top': Decimal('167.720'), 'bottom': Decimal('190.840'), 'text': 'DOCUMENT'}
word_2--->{'x0': Decimal('470.411'), 'x1': Decimal('501.416'), 'top': Decimal('163.203'), 'bottom': Decimal('173.913'), 'text': 'Period:'}
********FOUND*********
********FOUND*********
word_1--->{'x0': Decimal('66.000'), 'x1': Decimal('92.001'), 'top': Decimal('167.859'), 'bottom': Decimal('178.263'), 'text': 'ATTN:'}
word_2--->{'x0': Decimal('39.600'), 'x1': Decimal('90.720'), 'top': Decimal('167.720'), 'bottom': Decimal('190.840'), 'text': 'TEST'}
********FOUND*********
********FOUND*********
word_1--->{'x0': Decimal('66.000'), 'x1': Decimal('81.012'), 'top': Decimal('178.409'), 'bottom': Decimal('188.813'), 'text': '584'}
word_2--->{'x0': Decimal('39.600'), 'x1': Decimal('90.720'), 'top': Decimal('167.720'), 'bottom': Decimal('190.840'), 'text': 'TEST'}
********FOUND*********
********FOUND*********
word_1--->{'x0': Decimal('83.514'), 'x1': Decimal('122.520'), 'top': Decimal('178.409'), 'bottom': Decimal('188.813'), 'text': 'OSBORN'}
word_2--->{'x0': Decimal('39.600'), 'x1': Decimal('90.720'), 'top': Decimal('167.720'), 'bottom': Decimal('190.840'), 'text': 'TEST'}
********FOUND*********
********FOUND*********
word_1--->{'x0': Decimal('125.022'), 'x1': Decimal('151.023'), 'top': Decimal('178.409'), 'bottom': Decimal('188.813'), 'text': 'ROAD'}
word_2--->{'x0': Decimal('96.280'), 'x1': Decimal('211.820'), 'top': Decimal('167.720'), 'bottom': Decimal('190.840'), 'text': 'DOCUMENT'}
********FOUND*********
********FOUND*********
word_1--->{'x0': Decimal('391.400'), 'x1': Decimal('411.407'), 'top': Decimal('182.009'), 'bottom': Decimal('192.413'), 'text': 'Total'}
word_2--->{'x0': Decimal('294.280'), 'x1': Decimal('409.820'), 'top': Decimal('167.720'), 'bottom': Decimal('190.840'), 'text': 'DOCUMENT'}
********FOUND*********
********FOUND*********
word_1--->{'x0': Decimal('452.429'), 'x1': Decimal('474.938'), 'top': Decimal('182.009'), 'bottom': Decimal('192.413'), 'text': 'Other'}
word_2--->{'x0': Decimal('435.600'), 'x1': Decimal('486.720'), 'top': Decimal('167.720'), 'bottom': Decimal('190.840'), 'text': 'TEST'}
********FOUND*********
********FOUND*********
word_1--->{'x0': Decimal('477.440'), 'x1': Decimal('512.450'), 'top': Decimal('182.009'), 'bottom': Decimal('192.413'), 'text': 'Holdings'}
word_2--->{'x0': Decimal('435.600'), 'x1': Decimal('486.720'), 'top': Decimal('167.720'), 'bottom': Decimal('190.840'), 'text': 'TEST'}
********FOUND*********
Time Taken---->-1.0823826789855957
EROSION_VALUE--------> 0
True
===Compare XML Data===
from the function****************
{'holdings': {'description': ' FDIC INSURED DEPOSIT AT WELLS FARGO HSA NOT COVERED BY SIPC', 'values': ['2801256.31000', '2801256.31000', '1.00000', '2801256.31']}, 'holding_core_account': {'description': 'Total Core Account', 'market_value': '2801256.31'}}
Holding_data---> {'holdings': {'description': ' FDIC INSURED DEPOSIT AT WELLS FARGO HSA NOT COVERED BY SIPC', 'values': ['2801256.31000', '2801256.31000', '1.00000', '2801256.31']}, 'holding_core_account': {'description': 'Total Core Account', 'market_value': '2801256.31'}}
True
True
True
True
********FOUND*********
word_1--->{'x0': Decimal('435.600'), 'x1': Decimal('486.720'), 'top': Decimal('167.720'), 'bottom': Decimal('190.840'), 'text': 'TEST'}
word_2--->{'x0': Decimal('426.905'), 'x1': Decimal('446.903'), 'top': Decimal('163.203'), 'bottom': Decimal('173.913'), 'text': 'from'}
********FOUND*********
********FOUND*********
word_1--->{'x0': Decimal('435.600'), 'x1': Decimal('486.720'), 'top': Decimal('167.720'), 'bottom': Decimal('190.840'), 'text': 'TEST'}
word_2--->{'x0': Decimal('449.405'), 'x1': Decimal('467.909'), 'top': Decimal('163.203'), 'bottom': Decimal('173.913'), 'text': 'Last'}
********FOUND*********
********FOUND*********
word_1--->{'x0': Decimal('492.280'), 'x1': Decimal('607.820'), 'top': Decimal('167.720'), 'bottom': Decimal('190.840'), 'text': 'DOCUMENT'}
word_2--->{'x0': Decimal('470.411'), 'x1': Decimal('501.416'), 'top': Decimal('163.203'), 'bottom': Decimal('173.913'), 'text': 'Period:'}
********FOUND*********
********FOUND*********
word_1--->{'x0': Decimal('66.000'), 'x1': Decimal('92.001'), 'top': Decimal('167.859'), 'bottom': Decimal('178.263'), 'text': 'ATTN:'}
word_2--->{'x0': Decimal('39.600'), 'x1': Decimal('90.720'), 'top': Decimal('167.720'), 'bottom': Decimal('190.840'), 'text': 'TEST'}
********FOUND*********
********FOUND*********
word_1--->{'x0': Decimal('66.000'), 'x1': Decimal('81.012'), 'top': Decimal('178.409'), 'bottom': Decimal('188.813'), 'text': '584'}
word_2--->{'x0': Decimal('39.600'), 'x1': Decimal('90.720'), 'top': Decimal('167.720'), 'bottom': Decimal('190.840'), 'text': 'TEST'}
********FOUND*********
********FOUND*********
word_1--->{'x0': Decimal('83.514'), 'x1': Decimal('122.520'), 'top': Decimal('178.409'), 'bottom': Decimal('188.813'), 'text': 'OSBORN'}
word_2--->{'x0': Decimal('39.600'), 'x1': Decimal('90.720'), 'top': Decimal('167.720'), 'bottom': Decimal('190.840'), 'text': 'TEST'}
********FOUND*********
********FOUND*********
word_1--->{'x0': Decimal('125.022'), 'x1': Decimal('151.023'), 'top': Decimal('178.409'), 'bottom': Decimal('188.813'), 'text': 'ROAD'}
word_2--->{'x0': Decimal('96.280'), 'x1': Decimal('211.820'), 'top': Decimal('167.720'), 'bottom': Decimal('190.840'), 'text': 'DOCUMENT'}
********FOUND*********
********FOUND*********
word_1--->{'x0': Decimal('391.400'), 'x1': Decimal('411.407'), 'top': Decimal('182.009'), 'bottom': Decimal('192.413'), 'text': 'Total'}
word_2--->{'x0': Decimal('294.280'), 'x1': Decimal('409.820'), 'top': Decimal('167.720'), 'bottom': Decimal('190.840'), 'text': 'DOCUMENT'}
********FOUND*********
********FOUND*********
word_1--->{'x0': Decimal('452.429'), 'x1': Decimal('474.938'), 'top': Decimal('182.009'), 'bottom': Decimal('192.413'), 'text': 'Other'}
word_2--->{'x0': Decimal('435.600'), 'x1': Decimal('486.720'), 'top': Decimal('167.720'), 'bottom': Decimal('190.840'), 'text': 'TEST'}
********FOUND*********
********FOUND*********
word_1--->{'x0': Decimal('477.440'), 'x1': Decimal('512.450'), 'top': Decimal('182.009'), 'bottom': Decimal('192.413'), 'text': 'Holdings'}
word_2--->{'x0': Decimal('435.600'), 'x1': Decimal('486.720'), 'top': Decimal('167.720'), 'bottom': Decimal('190.840'), 'text': 'TEST'}
********FOUND*********
Time Taken---->-20.651429891586304
[2019-06-17 10:09:35 +0000] [12100] [INFO] Booting worker with pid: 12100
